{"/home/etud/Bureau/Annotation/frontend/src/App.tsx": {"path":"/home/etud/Bureau/Annotation/frontend/src/App.tsx","all":false,"statementMap":{"0":{"start":{"line":1,"column":0},"end":{"line":1,"column":72}},"1":{"start":{"line":2,"column":0},"end":{"line":2,"column":84}},"2":{"start":{"line":3,"column":0},"end":{"line":3,"column":47}},"3":{"start":{"line":4,"column":0},"end":{"line":4,"column":57}},"4":{"start":{"line":5,"column":0},"end":{"line":5,"column":55}},"5":{"start":{"line":6,"column":0},"end":{"line":6,"column":51}},"7":{"start":{"line":8,"column":0},"end":{"line":8,"column":37}},"8":{"start":{"line":9,"column":0},"end":{"line":9,"column":19}},"9":{"start":{"line":10,"column":0},"end":{"line":10,"column":14}},"10":{"start":{"line":11,"column":0},"end":{"line":11,"column":15}},"11":{"start":{"line":12,"column":0},"end":{"line":12,"column":31}},"12":{"start":{"line":13,"column":0},"end":{"line":13,"column":6}},"13":{"start":{"line":14,"column":0},"end":{"line":14,"column":4}},"14":{"start":{"line":15,"column":0},"end":{"line":15,"column":2}},"16":{"start":{"line":17,"column":0},"end":{"line":17,"column":32}},"17":{"start":{"line":18,"column":0},"end":{"line":18,"column":59}},"18":{"start":{"line":19,"column":0},"end":{"line":19,"column":45}},"19":{"start":{"line":20,"column":0},"end":{"line":20,"column":1}},"21":{"start":{"line":22,"column":0},"end":{"line":22,"column":16}},"22":{"start":{"line":23,"column":0},"end":{"line":23,"column":10}},"23":{"start":{"line":24,"column":0},"end":{"line":24,"column":46}},"24":{"start":{"line":25,"column":0},"end":{"line":25,"column":21}},"25":{"start":{"line":26,"column":0},"end":{"line":26,"column":16}},"26":{"start":{"line":27,"column":0},"end":{"line":27,"column":63}},"27":{"start":{"line":28,"column":0},"end":{"line":28,"column":72}},"28":{"start":{"line":29,"column":0},"end":{"line":29,"column":81}},"29":{"start":{"line":30,"column":0},"end":{"line":30,"column":76}},"30":{"start":{"line":31,"column":0},"end":{"line":31,"column":74}},"31":{"start":{"line":32,"column":0},"end":{"line":32,"column":17}},"32":{"start":{"line":33,"column":0},"end":{"line":33,"column":22}},"33":{"start":{"line":34,"column":0},"end":{"line":34,"column":26}},"35":{"start":{"line":36,"column":0},"end":{"line":36,"column":1}},"37":{"start":{"line":38,"column":0},"end":{"line":38,"column":18}}},"s":{"0":1,"1":1,"2":1,"3":1,"4":1,"5":1,"7":1,"8":1,"9":1,"10":1,"11":1,"12":1,"13":1,"14":1,"16":0,"17":0,"18":0,"19":0,"21":1,"22":1,"23":1,"24":1,"25":1,"26":1,"27":1,"28":1,"29":1,"30":1,"31":1,"32":1,"33":1,"35":1,"37":1},"branchMap":{"0":{"type":"branch","line":22,"loc":{"start":{"line":22,"column":0},"end":{"line":36,"column":1}},"locations":[{"start":{"line":22,"column":0},"end":{"line":36,"column":1}}]}},"b":{"0":[1]},"fnMap":{"0":{"name":"AnnotationPageRoute","decl":{"start":{"line":17,"column":0},"end":{"line":20,"column":1}},"loc":{"start":{"line":17,"column":0},"end":{"line":20,"column":1}},"line":17},"1":{"name":"App","decl":{"start":{"line":22,"column":0},"end":{"line":36,"column":1}},"loc":{"start":{"line":22,"column":0},"end":{"line":36,"column":1}},"line":22}},"f":{"0":0,"1":1}}
,"/home/etud/Bureau/Annotation/frontend/src/api/annotations.ts": {"path":"/home/etud/Bureau/Annotation/frontend/src/api/annotations.ts","all":false,"statementMap":{"0":{"start":{"line":1,"column":0},"end":{"line":1,"column":77}},"3":{"start":{"line":4,"column":0},"end":{"line":4,"column":79}},"5":{"start":{"line":6,"column":0},"end":{"line":6,"column":49}},"6":{"start":{"line":7,"column":0},"end":{"line":7,"column":19}},"7":{"start":{"line":8,"column":0},"end":{"line":8,"column":39}},"8":{"start":{"line":9,"column":0},"end":{"line":9,"column":26}},"9":{"start":{"line":10,"column":0},"end":{"line":10,"column":74}},"10":{"start":{"line":11,"column":0},"end":{"line":11,"column":67}},"11":{"start":{"line":12,"column":0},"end":{"line":12,"column":48}},"12":{"start":{"line":13,"column":0},"end":{"line":13,"column":6}},"13":{"start":{"line":14,"column":0},"end":{"line":14,"column":23}},"14":{"start":{"line":15,"column":0},"end":{"line":15,"column":4}},"15":{"start":{"line":16,"column":0},"end":{"line":16,"column":1}},"17":{"start":{"line":18,"column":0},"end":{"line":18,"column":59}},"18":{"start":{"line":19,"column":0},"end":{"line":19,"column":29}},"19":{"start":{"line":20,"column":0},"end":{"line":20,"column":22}},"20":{"start":{"line":21,"column":0},"end":{"line":21,"column":108}},"21":{"start":{"line":22,"column":0},"end":{"line":22,"column":81}},"22":{"start":{"line":23,"column":0},"end":{"line":23,"column":23}},"23":{"start":{"line":24,"column":0},"end":{"line":24,"column":56}},"24":{"start":{"line":25,"column":0},"end":{"line":25,"column":35}},"25":{"start":{"line":26,"column":0},"end":{"line":26,"column":8}},"26":{"start":{"line":27,"column":0},"end":{"line":27,"column":66}},"27":{"start":{"line":28,"column":0},"end":{"line":28,"column":48}},"28":{"start":{"line":29,"column":0},"end":{"line":29,"column":6}},"29":{"start":{"line":30,"column":0},"end":{"line":30,"column":22}},"30":{"start":{"line":31,"column":0},"end":{"line":31,"column":66}},"31":{"start":{"line":32,"column":0},"end":{"line":32,"column":53}},"32":{"start":{"line":33,"column":0},"end":{"line":33,"column":65}},"33":{"start":{"line":34,"column":0},"end":{"line":34,"column":6}},"34":{"start":{"line":35,"column":0},"end":{"line":35,"column":4}},"35":{"start":{"line":36,"column":0},"end":{"line":36,"column":1}},"37":{"start":{"line":38,"column":0},"end":{"line":38,"column":54}},"38":{"start":{"line":39,"column":0},"end":{"line":39,"column":29}},"39":{"start":{"line":40,"column":0},"end":{"line":40,"column":22}},"40":{"start":{"line":41,"column":0},"end":{"line":41,"column":58}},"41":{"start":{"line":42,"column":0},"end":{"line":42,"column":76}},"42":{"start":{"line":43,"column":0},"end":{"line":43,"column":23}},"43":{"start":{"line":44,"column":0},"end":{"line":44,"column":56}},"44":{"start":{"line":45,"column":0},"end":{"line":45,"column":35}},"45":{"start":{"line":46,"column":0},"end":{"line":46,"column":8}},"46":{"start":{"line":47,"column":0},"end":{"line":47,"column":64}},"47":{"start":{"line":48,"column":0},"end":{"line":48,"column":46}},"48":{"start":{"line":49,"column":0},"end":{"line":49,"column":6}},"49":{"start":{"line":50,"column":0},"end":{"line":50,"column":22}},"50":{"start":{"line":51,"column":0},"end":{"line":51,"column":66}},"51":{"start":{"line":52,"column":0},"end":{"line":52,"column":65}},"52":{"start":{"line":53,"column":0},"end":{"line":53,"column":6}},"53":{"start":{"line":54,"column":0},"end":{"line":54,"column":4}},"54":{"start":{"line":55,"column":0},"end":{"line":55,"column":1}},"56":{"start":{"line":57,"column":0},"end":{"line":57,"column":54}},"57":{"start":{"line":58,"column":0},"end":{"line":58,"column":29}},"58":{"start":{"line":59,"column":0},"end":{"line":59,"column":22}},"59":{"start":{"line":60,"column":0},"end":{"line":60,"column":88}},"60":{"start":{"line":61,"column":0},"end":{"line":61,"column":64}},"61":{"start":{"line":62,"column":0},"end":{"line":62,"column":22}},"62":{"start":{"line":63,"column":0},"end":{"line":63,"column":56}},"63":{"start":{"line":64,"column":0},"end":{"line":64,"column":35}},"64":{"start":{"line":65,"column":0},"end":{"line":65,"column":8}},"65":{"start":{"line":66,"column":0},"end":{"line":66,"column":67}},"66":{"start":{"line":67,"column":0},"end":{"line":67,"column":46}},"67":{"start":{"line":68,"column":0},"end":{"line":68,"column":6}},"68":{"start":{"line":69,"column":0},"end":{"line":69,"column":22}},"69":{"start":{"line":70,"column":0},"end":{"line":70,"column":66}},"70":{"start":{"line":71,"column":0},"end":{"line":71,"column":65}},"71":{"start":{"line":72,"column":0},"end":{"line":72,"column":6}},"72":{"start":{"line":73,"column":0},"end":{"line":73,"column":4}},"73":{"start":{"line":74,"column":0},"end":{"line":74,"column":1}},"75":{"start":{"line":76,"column":0},"end":{"line":76,"column":54}},"76":{"start":{"line":77,"column":0},"end":{"line":77,"column":29}},"77":{"start":{"line":78,"column":0},"end":{"line":78,"column":22}},"78":{"start":{"line":79,"column":0},"end":{"line":79,"column":49}},"79":{"start":{"line":80,"column":0},"end":{"line":80,"column":74}},"80":{"start":{"line":81,"column":0},"end":{"line":81,"column":25}},"81":{"start":{"line":82,"column":0},"end":{"line":82,"column":8}},"82":{"start":{"line":83,"column":0},"end":{"line":83,"column":67}},"83":{"start":{"line":84,"column":0},"end":{"line":84,"column":6}},"84":{"start":{"line":85,"column":0},"end":{"line":85,"column":22}},"85":{"start":{"line":86,"column":0},"end":{"line":86,"column":66}},"86":{"start":{"line":87,"column":0},"end":{"line":87,"column":65}},"87":{"start":{"line":88,"column":0},"end":{"line":88,"column":6}},"88":{"start":{"line":89,"column":0},"end":{"line":89,"column":4}},"89":{"start":{"line":90,"column":0},"end":{"line":90,"column":1}},"91":{"start":{"line":92,"column":0},"end":{"line":92,"column":54}},"92":{"start":{"line":93,"column":0},"end":{"line":93,"column":29}},"93":{"start":{"line":94,"column":0},"end":{"line":94,"column":22}},"94":{"start":{"line":95,"column":0},"end":{"line":95,"column":45}},"95":{"start":{"line":96,"column":0},"end":{"line":96,"column":82}},"96":{"start":{"line":97,"column":0},"end":{"line":97,"column":24}},"97":{"start":{"line":98,"column":0},"end":{"line":98,"column":56}},"98":{"start":{"line":99,"column":0},"end":{"line":99,"column":54}},"99":{"start":{"line":100,"column":0},"end":{"line":100,"column":8}},"100":{"start":{"line":101,"column":0},"end":{"line":101,"column":65}},"101":{"start":{"line":102,"column":0},"end":{"line":102,"column":48}},"102":{"start":{"line":103,"column":0},"end":{"line":103,"column":6}},"103":{"start":{"line":104,"column":0},"end":{"line":104,"column":22}},"104":{"start":{"line":105,"column":0},"end":{"line":105,"column":66}},"105":{"start":{"line":106,"column":0},"end":{"line":106,"column":65}},"106":{"start":{"line":107,"column":0},"end":{"line":107,"column":6}},"107":{"start":{"line":108,"column":0},"end":{"line":108,"column":4}},"108":{"start":{"line":109,"column":0},"end":{"line":109,"column":1}},"110":{"start":{"line":111,"column":0},"end":{"line":111,"column":58}},"111":{"start":{"line":112,"column":0},"end":{"line":112,"column":29}},"112":{"start":{"line":113,"column":0},"end":{"line":113,"column":22}},"113":{"start":{"line":114,"column":0},"end":{"line":114,"column":29}},"114":{"start":{"line":115,"column":0},"end":{"line":115,"column":76}},"115":{"start":{"line":116,"column":0},"end":{"line":116,"column":25}},"116":{"start":{"line":117,"column":0},"end":{"line":117,"column":8}},"117":{"start":{"line":118,"column":0},"end":{"line":118,"column":68}},"118":{"start":{"line":119,"column":0},"end":{"line":119,"column":6}},"119":{"start":{"line":120,"column":0},"end":{"line":120,"column":22}},"120":{"start":{"line":121,"column":0},"end":{"line":121,"column":66}},"121":{"start":{"line":122,"column":0},"end":{"line":122,"column":53}},"122":{"start":{"line":123,"column":0},"end":{"line":123,"column":65}},"123":{"start":{"line":124,"column":0},"end":{"line":124,"column":6}},"124":{"start":{"line":125,"column":0},"end":{"line":125,"column":4}},"125":{"start":{"line":126,"column":0},"end":{"line":126,"column":1}}},"s":{"0":1,"3":1,"5":1,"6":12,"7":12,"8":12,"9":7,"10":2,"11":1,"12":7,"13":12,"14":12,"15":12,"17":1,"18":9,"19":9,"20":9,"21":2,"22":2,"23":2,"24":2,"25":2,"26":2,"27":1,"28":2,"29":9,"30":1,"31":1,"32":1,"33":1,"34":9,"35":9,"37":1,"38":4,"39":4,"40":4,"41":2,"42":2,"43":2,"44":2,"45":2,"46":2,"47":1,"48":2,"49":4,"50":1,"51":1,"52":1,"53":4,"54":4,"56":1,"57":4,"58":4,"59":4,"60":2,"61":2,"62":2,"63":2,"64":2,"65":2,"66":1,"67":2,"68":4,"69":1,"70":1,"71":1,"72":4,"73":4,"75":1,"76":4,"77":4,"78":4,"79":2,"80":2,"81":2,"82":2,"83":2,"84":4,"85":1,"86":1,"87":1,"88":4,"89":4,"91":1,"92":4,"93":4,"94":4,"95":2,"96":2,"97":2,"98":2,"99":2,"100":2,"101":1,"102":2,"103":4,"104":1,"105":1,"106":1,"107":4,"108":4,"110":1,"111":4,"112":4,"113":4,"114":2,"115":2,"116":2,"117":2,"118":2,"119":4,"120":1,"121":1,"122":1,"123":1,"124":4,"125":4},"branchMap":{"0":{"type":"branch","line":6,"loc":{"start":{"line":6,"column":7},"end":{"line":16,"column":1}},"locations":[{"start":{"line":6,"column":7},"end":{"line":16,"column":1}}]},"1":{"type":"branch","line":9,"loc":{"start":{"line":9,"column":13},"end":{"line":13,"column":6}},"locations":[{"start":{"line":9,"column":13},"end":{"line":13,"column":6}}]},"2":{"type":"branch","line":10,"loc":{"start":{"line":10,"column":73},"end":{"line":12,"column":48}},"locations":[{"start":{"line":10,"column":73},"end":{"line":12,"column":48}}]},"3":{"type":"branch","line":11,"loc":{"start":{"line":11,"column":19},"end":{"line":12,"column":48}},"locations":[{"start":{"line":11,"column":19},"end":{"line":12,"column":48}}]},"4":{"type":"branch","line":18,"loc":{"start":{"line":18,"column":7},"end":{"line":36,"column":1}},"locations":[{"start":{"line":18,"column":7},"end":{"line":36,"column":1}}]},"5":{"type":"branch","line":21,"loc":{"start":{"line":21,"column":16},"end":{"line":29,"column":6}},"locations":[{"start":{"line":21,"column":16},"end":{"line":29,"column":6}}]},"6":{"type":"branch","line":27,"loc":{"start":{"line":27,"column":19},"end":{"line":28,"column":48}},"locations":[{"start":{"line":27,"column":19},"end":{"line":28,"column":48}}]},"7":{"type":"branch","line":30,"loc":{"start":{"line":30,"column":15},"end":{"line":34,"column":6}},"locations":[{"start":{"line":30,"column":15},"end":{"line":34,"column":6}}]},"8":{"type":"branch","line":38,"loc":{"start":{"line":38,"column":7},"end":{"line":55,"column":1}},"locations":[{"start":{"line":38,"column":7},"end":{"line":55,"column":1}}]},"9":{"type":"branch","line":41,"loc":{"start":{"line":41,"column":16},"end":{"line":49,"column":6}},"locations":[{"start":{"line":41,"column":16},"end":{"line":49,"column":6}}]},"10":{"type":"branch","line":47,"loc":{"start":{"line":47,"column":19},"end":{"line":48,"column":46}},"locations":[{"start":{"line":47,"column":19},"end":{"line":48,"column":46}}]},"11":{"type":"branch","line":50,"loc":{"start":{"line":50,"column":15},"end":{"line":53,"column":6}},"locations":[{"start":{"line":50,"column":15},"end":{"line":53,"column":6}}]},"12":{"type":"branch","line":57,"loc":{"start":{"line":57,"column":7},"end":{"line":74,"column":1}},"locations":[{"start":{"line":57,"column":7},"end":{"line":74,"column":1}}]},"13":{"type":"branch","line":60,"loc":{"start":{"line":60,"column":16},"end":{"line":68,"column":6}},"locations":[{"start":{"line":60,"column":16},"end":{"line":68,"column":6}}]},"14":{"type":"branch","line":66,"loc":{"start":{"line":66,"column":19},"end":{"line":67,"column":46}},"locations":[{"start":{"line":66,"column":19},"end":{"line":67,"column":46}}]},"15":{"type":"branch","line":69,"loc":{"start":{"line":69,"column":15},"end":{"line":72,"column":6}},"locations":[{"start":{"line":69,"column":15},"end":{"line":72,"column":6}}]},"16":{"type":"branch","line":76,"loc":{"start":{"line":76,"column":7},"end":{"line":90,"column":1}},"locations":[{"start":{"line":76,"column":7},"end":{"line":90,"column":1}}]},"17":{"type":"branch","line":79,"loc":{"start":{"line":79,"column":16},"end":{"line":84,"column":6}},"locations":[{"start":{"line":79,"column":16},"end":{"line":84,"column":6}}]},"18":{"type":"branch","line":83,"loc":{"start":{"line":83,"column":19},"end":{"line":83,"column":67}},"locations":[{"start":{"line":83,"column":19},"end":{"line":83,"column":67}}]},"19":{"type":"branch","line":85,"loc":{"start":{"line":85,"column":15},"end":{"line":88,"column":6}},"locations":[{"start":{"line":85,"column":15},"end":{"line":88,"column":6}}]},"20":{"type":"branch","line":92,"loc":{"start":{"line":92,"column":7},"end":{"line":109,"column":1}},"locations":[{"start":{"line":92,"column":7},"end":{"line":109,"column":1}}]},"21":{"type":"branch","line":95,"loc":{"start":{"line":95,"column":16},"end":{"line":103,"column":6}},"locations":[{"start":{"line":95,"column":16},"end":{"line":103,"column":6}}]},"22":{"type":"branch","line":101,"loc":{"start":{"line":101,"column":19},"end":{"line":102,"column":48}},"locations":[{"start":{"line":101,"column":19},"end":{"line":102,"column":48}}]},"23":{"type":"branch","line":104,"loc":{"start":{"line":104,"column":15},"end":{"line":107,"column":6}},"locations":[{"start":{"line":104,"column":15},"end":{"line":107,"column":6}}]},"24":{"type":"branch","line":111,"loc":{"start":{"line":111,"column":7},"end":{"line":126,"column":1}},"locations":[{"start":{"line":111,"column":7},"end":{"line":126,"column":1}}]},"25":{"type":"branch","line":114,"loc":{"start":{"line":114,"column":16},"end":{"line":119,"column":6}},"locations":[{"start":{"line":114,"column":16},"end":{"line":119,"column":6}}]},"26":{"type":"branch","line":118,"loc":{"start":{"line":118,"column":19},"end":{"line":118,"column":68}},"locations":[{"start":{"line":118,"column":19},"end":{"line":118,"column":68}}]},"27":{"type":"branch","line":120,"loc":{"start":{"line":120,"column":15},"end":{"line":124,"column":6}},"locations":[{"start":{"line":120,"column":15},"end":{"line":124,"column":6}}]}},"b":{"0":[12],"1":[7],"2":[2],"3":[1],"4":[9],"5":[2],"6":[1],"7":[1],"8":[4],"9":[2],"10":[1],"11":[1],"12":[4],"13":[2],"14":[1],"15":[1],"16":[4],"17":[2],"18":[1],"19":[1],"20":[4],"21":[2],"22":[1],"23":[1],"24":[4],"25":[2],"26":[1],"27":[1]},"fnMap":{"0":{"name":"useAnnotations","decl":{"start":{"line":6,"column":7},"end":{"line":16,"column":1}},"loc":{"start":{"line":6,"column":7},"end":{"line":16,"column":1}},"line":6},"1":{"name":"queryFn","decl":{"start":{"line":9,"column":13},"end":{"line":13,"column":6}},"loc":{"start":{"line":9,"column":13},"end":{"line":13,"column":6}},"line":9},"2":{"name":"useCreateBulkAnnotations","decl":{"start":{"line":18,"column":7},"end":{"line":36,"column":1}},"loc":{"start":{"line":18,"column":7},"end":{"line":36,"column":1}},"line":18},"3":{"name":"mutationFn","decl":{"start":{"line":21,"column":16},"end":{"line":29,"column":6}},"loc":{"start":{"line":21,"column":16},"end":{"line":29,"column":6}},"line":21},"4":{"name":"onSuccess","decl":{"start":{"line":30,"column":15},"end":{"line":34,"column":6}},"loc":{"start":{"line":30,"column":15},"end":{"line":34,"column":6}},"line":30},"5":{"name":"useCreateAnnotation","decl":{"start":{"line":38,"column":7},"end":{"line":55,"column":1}},"loc":{"start":{"line":38,"column":7},"end":{"line":55,"column":1}},"line":38},"6":{"name":"mutationFn","decl":{"start":{"line":41,"column":16},"end":{"line":49,"column":6}},"loc":{"start":{"line":41,"column":16},"end":{"line":49,"column":6}},"line":41},"7":{"name":"onSuccess","decl":{"start":{"line":50,"column":15},"end":{"line":53,"column":6}},"loc":{"start":{"line":50,"column":15},"end":{"line":53,"column":6}},"line":50},"8":{"name":"useUpdateAnnotation","decl":{"start":{"line":57,"column":7},"end":{"line":74,"column":1}},"loc":{"start":{"line":57,"column":7},"end":{"line":74,"column":1}},"line":57},"9":{"name":"mutationFn","decl":{"start":{"line":60,"column":16},"end":{"line":68,"column":6}},"loc":{"start":{"line":60,"column":16},"end":{"line":68,"column":6}},"line":60},"10":{"name":"onSuccess","decl":{"start":{"line":69,"column":15},"end":{"line":72,"column":6}},"loc":{"start":{"line":69,"column":15},"end":{"line":72,"column":6}},"line":69},"11":{"name":"useDeleteAnnotation","decl":{"start":{"line":76,"column":7},"end":{"line":90,"column":1}},"loc":{"start":{"line":76,"column":7},"end":{"line":90,"column":1}},"line":76},"12":{"name":"mutationFn","decl":{"start":{"line":79,"column":16},"end":{"line":84,"column":6}},"loc":{"start":{"line":79,"column":16},"end":{"line":84,"column":6}},"line":79},"13":{"name":"onSuccess","decl":{"start":{"line":85,"column":15},"end":{"line":88,"column":6}},"loc":{"start":{"line":85,"column":15},"end":{"line":88,"column":6}},"line":85},"14":{"name":"useShiftAnnotations","decl":{"start":{"line":92,"column":7},"end":{"line":109,"column":1}},"loc":{"start":{"line":92,"column":7},"end":{"line":109,"column":1}},"line":92},"15":{"name":"mutationFn","decl":{"start":{"line":95,"column":16},"end":{"line":103,"column":6}},"loc":{"start":{"line":95,"column":16},"end":{"line":103,"column":6}},"line":95},"16":{"name":"onSuccess","decl":{"start":{"line":104,"column":15},"end":{"line":107,"column":6}},"loc":{"start":{"line":104,"column":15},"end":{"line":107,"column":6}},"line":104},"17":{"name":"useDeleteAllAnnotations","decl":{"start":{"line":111,"column":7},"end":{"line":126,"column":1}},"loc":{"start":{"line":111,"column":7},"end":{"line":126,"column":1}},"line":111},"18":{"name":"mutationFn","decl":{"start":{"line":114,"column":16},"end":{"line":119,"column":6}},"loc":{"start":{"line":114,"column":16},"end":{"line":119,"column":6}},"line":114},"19":{"name":"onSuccess","decl":{"start":{"line":120,"column":15},"end":{"line":124,"column":6}},"loc":{"start":{"line":120,"column":15},"end":{"line":124,"column":6}},"line":120}},"f":{"0":12,"1":7,"2":9,"3":2,"4":1,"5":4,"6":2,"7":1,"8":4,"9":2,"10":1,"11":4,"12":2,"13":1,"14":4,"15":2,"16":1,"17":4,"18":2,"19":1}}
,"/home/etud/Bureau/Annotation/frontend/src/api/exports.ts": {"path":"/home/etud/Bureau/Annotation/frontend/src/api/exports.ts","all":false,"statementMap":{"0":{"start":{"line":1,"column":0},"end":{"line":1,"column":79}},"2":{"start":{"line":3,"column":0},"end":{"line":3,"column":60}},"3":{"start":{"line":4,"column":0},"end":{"line":4,"column":30}},"4":{"start":{"line":5,"column":0},"end":{"line":5,"column":62}},"5":{"start":{"line":6,"column":0},"end":{"line":6,"column":31}},"6":{"start":{"line":7,"column":0},"end":{"line":7,"column":45}},"7":{"start":{"line":8,"column":0},"end":{"line":8,"column":39}},"8":{"start":{"line":9,"column":0},"end":{"line":9,"column":20}},"9":{"start":{"line":10,"column":0},"end":{"line":10,"column":11}},"10":{"start":{"line":11,"column":0},"end":{"line":11,"column":32}},"11":{"start":{"line":12,"column":0},"end":{"line":12,"column":1}},"13":{"start":{"line":14,"column":0},"end":{"line":14,"column":74}},"14":{"start":{"line":15,"column":0},"end":{"line":15,"column":68}},"15":{"start":{"line":16,"column":0},"end":{"line":16,"column":1}},"17":{"start":{"line":18,"column":0},"end":{"line":18,"column":73}},"18":{"start":{"line":19,"column":0},"end":{"line":19,"column":67}},"19":{"start":{"line":20,"column":0},"end":{"line":20,"column":1}},"21":{"start":{"line":22,"column":0},"end":{"line":22,"column":75}},"22":{"start":{"line":23,"column":0},"end":{"line":23,"column":69}},"23":{"start":{"line":24,"column":0},"end":{"line":24,"column":1}},"31":{"start":{"line":32,"column":0},"end":{"line":32,"column":43}},"32":{"start":{"line":33,"column":0},"end":{"line":33,"column":18}},"33":{"start":{"line":34,"column":0},"end":{"line":34,"column":29}},"34":{"start":{"line":35,"column":0},"end":{"line":35,"column":18}},"35":{"start":{"line":36,"column":0},"end":{"line":36,"column":74}},"36":{"start":{"line":37,"column":0},"end":{"line":37,"column":19}},"37":{"start":{"line":38,"column":0},"end":{"line":38,"column":52}},"38":{"start":{"line":39,"column":0},"end":{"line":39,"column":26}},"39":{"start":{"line":40,"column":0},"end":{"line":40,"column":35}},"40":{"start":{"line":41,"column":0},"end":{"line":41,"column":33}},"41":{"start":{"line":42,"column":0},"end":{"line":42,"column":28}},"42":{"start":{"line":43,"column":0},"end":{"line":43,"column":7}},"43":{"start":{"line":44,"column":0},"end":{"line":44,"column":4}},"44":{"start":{"line":45,"column":0},"end":{"line":45,"column":16}},"45":{"start":{"line":46,"column":0},"end":{"line":46,"column":51}},"46":{"start":{"line":47,"column":0},"end":{"line":47,"column":91}},"47":{"start":{"line":48,"column":0},"end":{"line":48,"column":3}},"48":{"start":{"line":49,"column":0},"end":{"line":49,"column":31}},"49":{"start":{"line":50,"column":0},"end":{"line":50,"column":45}},"50":{"start":{"line":51,"column":0},"end":{"line":51,"column":39}},"51":{"start":{"line":52,"column":0},"end":{"line":52,"column":20}},"52":{"start":{"line":53,"column":0},"end":{"line":53,"column":11}},"53":{"start":{"line":54,"column":0},"end":{"line":54,"column":32}},"54":{"start":{"line":55,"column":0},"end":{"line":55,"column":1}}},"s":{"0":1,"2":12,"3":12,"4":12,"5":9,"6":9,"7":9,"8":9,"9":9,"10":9,"11":9,"13":6,"14":6,"15":5,"17":3,"18":3,"19":2,"21":3,"22":3,"23":2,"31":9,"32":9,"33":9,"34":9,"35":9,"36":9,"37":9,"38":9,"39":9,"40":9,"41":9,"42":9,"43":9,"44":9,"45":3,"46":3,"47":3,"48":6,"49":6,"50":6,"51":6,"52":6,"53":6,"54":6},"branchMap":{"0":{"type":"branch","line":3,"loc":{"start":{"line":3,"column":0},"end":{"line":12,"column":1}},"locations":[{"start":{"line":3,"column":0},"end":{"line":12,"column":1}}]},"1":{"type":"branch","line":5,"loc":{"start":{"line":5,"column":15},"end":{"line":5,"column":62}},"locations":[{"start":{"line":5,"column":15},"end":{"line":5,"column":62}}]},"2":{"type":"branch","line":5,"loc":{"start":{"line":5,"column":61},"end":{"line":12,"column":1}},"locations":[{"start":{"line":5,"column":61},"end":{"line":12,"column":1}}]},"3":{"type":"branch","line":14,"loc":{"start":{"line":14,"column":0},"end":{"line":16,"column":1}},"locations":[{"start":{"line":14,"column":0},"end":{"line":16,"column":1}}]},"4":{"type":"branch","line":15,"loc":{"start":{"line":15,"column":67},"end":{"line":16,"column":1}},"locations":[{"start":{"line":15,"column":67},"end":{"line":16,"column":1}}]},"5":{"type":"branch","line":18,"loc":{"start":{"line":18,"column":0},"end":{"line":20,"column":1}},"locations":[{"start":{"line":18,"column":0},"end":{"line":20,"column":1}}]},"6":{"type":"branch","line":19,"loc":{"start":{"line":19,"column":66},"end":{"line":20,"column":1}},"locations":[{"start":{"line":19,"column":66},"end":{"line":20,"column":1}}]},"7":{"type":"branch","line":22,"loc":{"start":{"line":22,"column":0},"end":{"line":24,"column":1}},"locations":[{"start":{"line":22,"column":0},"end":{"line":24,"column":1}}]},"8":{"type":"branch","line":23,"loc":{"start":{"line":23,"column":68},"end":{"line":24,"column":1}},"locations":[{"start":{"line":23,"column":68},"end":{"line":24,"column":1}}]},"9":{"type":"branch","line":32,"loc":{"start":{"line":32,"column":0},"end":{"line":55,"column":1}},"locations":[{"start":{"line":32,"column":0},"end":{"line":55,"column":1}}]},"10":{"type":"branch","line":45,"loc":{"start":{"line":45,"column":15},"end":{"line":48,"column":3}},"locations":[{"start":{"line":45,"column":15},"end":{"line":48,"column":3}}]},"11":{"type":"branch","line":47,"loc":{"start":{"line":47,"column":50},"end":{"line":47,"column":90}},"locations":[{"start":{"line":47,"column":50},"end":{"line":47,"column":90}}]},"12":{"type":"branch","line":48,"loc":{"start":{"line":48,"column":2},"end":{"line":55,"column":1}},"locations":[{"start":{"line":48,"column":2},"end":{"line":55,"column":1}}]}},"b":{"0":[12],"1":[3],"2":[9],"3":[6],"4":[5],"5":[3],"6":[2],"7":[3],"8":[2],"9":[9],"10":[3],"11":[1],"12":[6]},"fnMap":{"0":{"name":"triggerDownload","decl":{"start":{"line":3,"column":0},"end":{"line":12,"column":1}},"loc":{"start":{"line":3,"column":0},"end":{"line":12,"column":1}},"line":3},"1":{"name":"downloadExportJson","decl":{"start":{"line":14,"column":0},"end":{"line":16,"column":1}},"loc":{"start":{"line":14,"column":0},"end":{"line":16,"column":1}},"line":14},"2":{"name":"downloadExportCsv","decl":{"start":{"line":18,"column":0},"end":{"line":20,"column":1}},"loc":{"start":{"line":18,"column":0},"end":{"line":20,"column":1}},"line":18},"3":{"name":"downloadExportVideo","decl":{"start":{"line":22,"column":0},"end":{"line":24,"column":1}},"loc":{"start":{"line":22,"column":0},"end":{"line":24,"column":1}},"line":22},"4":{"name":"downloadExportBundle","decl":{"start":{"line":32,"column":0},"end":{"line":55,"column":1}},"loc":{"start":{"line":32,"column":0},"end":{"line":55,"column":1}},"line":32}},"f":{"0":12,"1":6,"2":3,"3":3,"4":9}}
,"/home/etud/Bureau/Annotation/frontend/src/api/projects.ts": {"path":"/home/etud/Bureau/Annotation/frontend/src/api/projects.ts","all":false,"statementMap":{"0":{"start":{"line":1,"column":0},"end":{"line":1,"column":77}},"3":{"start":{"line":4,"column":0},"end":{"line":4,"column":79}},"5":{"start":{"line":6,"column":0},"end":{"line":6,"column":31}},"6":{"start":{"line":7,"column":0},"end":{"line":7,"column":19}},"7":{"start":{"line":8,"column":0},"end":{"line":8,"column":27}},"8":{"start":{"line":9,"column":0},"end":{"line":9,"column":26}},"9":{"start":{"line":10,"column":0},"end":{"line":10,"column":53}},"10":{"start":{"line":11,"column":0},"end":{"line":11,"column":63}},"11":{"start":{"line":12,"column":0},"end":{"line":12,"column":45}},"12":{"start":{"line":13,"column":0},"end":{"line":13,"column":6}},"13":{"start":{"line":14,"column":0},"end":{"line":14,"column":4}},"14":{"start":{"line":15,"column":0},"end":{"line":15,"column":1}},"16":{"start":{"line":17,"column":0},"end":{"line":17,"column":40}},"17":{"start":{"line":18,"column":0},"end":{"line":18,"column":19}},"18":{"start":{"line":19,"column":0},"end":{"line":19,"column":30}},"19":{"start":{"line":20,"column":0},"end":{"line":20,"column":26}},"20":{"start":{"line":21,"column":0},"end":{"line":21,"column":59}},"21":{"start":{"line":22,"column":0},"end":{"line":22,"column":62}},"22":{"start":{"line":23,"column":0},"end":{"line":23,"column":43}},"23":{"start":{"line":24,"column":0},"end":{"line":24,"column":6}},"24":{"start":{"line":25,"column":0},"end":{"line":25,"column":18}},"25":{"start":{"line":26,"column":0},"end":{"line":26,"column":4}},"26":{"start":{"line":27,"column":0},"end":{"line":27,"column":1}},"28":{"start":{"line":29,"column":0},"end":{"line":29,"column":36}},"29":{"start":{"line":30,"column":0},"end":{"line":30,"column":29}},"30":{"start":{"line":31,"column":0},"end":{"line":31,"column":22}},"31":{"start":{"line":32,"column":0},"end":{"line":32,"column":73}},"32":{"start":{"line":33,"column":0},"end":{"line":33,"column":55}},"33":{"start":{"line":34,"column":0},"end":{"line":34,"column":23}},"34":{"start":{"line":35,"column":0},"end":{"line":35,"column":56}},"35":{"start":{"line":36,"column":0},"end":{"line":36,"column":35}},"36":{"start":{"line":37,"column":0},"end":{"line":37,"column":8}},"37":{"start":{"line":38,"column":0},"end":{"line":38,"column":60}},"38":{"start":{"line":39,"column":0},"end":{"line":39,"column":23}},"39":{"start":{"line":40,"column":0},"end":{"line":40,"column":6}},"40":{"start":{"line":41,"column":0},"end":{"line":41,"column":70}},"41":{"start":{"line":42,"column":0},"end":{"line":42,"column":4}},"42":{"start":{"line":43,"column":0},"end":{"line":43,"column":1}},"44":{"start":{"line":45,"column":0},"end":{"line":45,"column":36}},"45":{"start":{"line":46,"column":0},"end":{"line":46,"column":29}},"46":{"start":{"line":47,"column":0},"end":{"line":47,"column":22}},"47":{"start":{"line":48,"column":0},"end":{"line":48,"column":39}},"48":{"start":{"line":49,"column":0},"end":{"line":49,"column":81}},"49":{"start":{"line":50,"column":0},"end":{"line":50,"column":63}},"50":{"start":{"line":51,"column":0},"end":{"line":51,"column":6}},"51":{"start":{"line":52,"column":0},"end":{"line":52,"column":70}},"52":{"start":{"line":53,"column":0},"end":{"line":53,"column":4}},"53":{"start":{"line":54,"column":0},"end":{"line":54,"column":1}},"55":{"start":{"line":56,"column":0},"end":{"line":56,"column":87}},"56":{"start":{"line":57,"column":0},"end":{"line":57,"column":29}},"57":{"start":{"line":58,"column":0},"end":{"line":58,"column":22}},"58":{"start":{"line":59,"column":0},"end":{"line":59,"column":39}},"59":{"start":{"line":60,"column":0},"end":{"line":60,"column":54}},"60":{"start":{"line":61,"column":0},"end":{"line":61,"column":40}},"61":{"start":{"line":62,"column":0},"end":{"line":62,"column":68}},"63":{"start":{"line":64,"column":0},"end":{"line":64,"column":44}},"64":{"start":{"line":65,"column":0},"end":{"line":65,"column":53}},"65":{"start":{"line":66,"column":0},"end":{"line":66,"column":70}},"66":{"start":{"line":67,"column":0},"end":{"line":67,"column":11}},"67":{"start":{"line":68,"column":0},"end":{"line":68,"column":9}},"69":{"start":{"line":70,"column":0},"end":{"line":70,"column":28}},"70":{"start":{"line":71,"column":0},"end":{"line":71,"column":54}},"71":{"start":{"line":72,"column":0},"end":{"line":72,"column":49}},"72":{"start":{"line":73,"column":0},"end":{"line":73,"column":18}},"73":{"start":{"line":74,"column":0},"end":{"line":74,"column":52}},"74":{"start":{"line":75,"column":0},"end":{"line":75,"column":11}},"75":{"start":{"line":76,"column":0},"end":{"line":76,"column":9}},"77":{"start":{"line":78,"column":0},"end":{"line":78,"column":80}},"79":{"start":{"line":80,"column":0},"end":{"line":80,"column":39}},"80":{"start":{"line":81,"column":0},"end":{"line":81,"column":37}},"81":{"start":{"line":82,"column":0},"end":{"line":82,"column":26}},"82":{"start":{"line":83,"column":0},"end":{"line":83,"column":8}},"83":{"start":{"line":84,"column":0},"end":{"line":84,"column":6}},"84":{"start":{"line":85,"column":0},"end":{"line":85,"column":22}},"85":{"start":{"line":86,"column":0},"end":{"line":86,"column":64}},"86":{"start":{"line":87,"column":0},"end":{"line":87,"column":6}},"87":{"start":{"line":88,"column":0},"end":{"line":88,"column":4}},"88":{"start":{"line":89,"column":0},"end":{"line":89,"column":1}},"90":{"start":{"line":91,"column":0},"end":{"line":91,"column":43}},"91":{"start":{"line":92,"column":0},"end":{"line":92,"column":19}},"92":{"start":{"line":93,"column":0},"end":{"line":93,"column":33}},"93":{"start":{"line":94,"column":0},"end":{"line":94,"column":26}},"94":{"start":{"line":95,"column":0},"end":{"line":95,"column":62}},"95":{"start":{"line":96,"column":0},"end":{"line":96,"column":61}},"96":{"start":{"line":97,"column":0},"end":{"line":97,"column":41}},"97":{"start":{"line":98,"column":0},"end":{"line":98,"column":6}},"98":{"start":{"line":99,"column":0},"end":{"line":99,"column":23}},"99":{"start":{"line":100,"column":0},"end":{"line":100,"column":4}},"100":{"start":{"line":101,"column":0},"end":{"line":101,"column":1}},"102":{"start":{"line":103,"column":0},"end":{"line":103,"column":51}},"103":{"start":{"line":104,"column":0},"end":{"line":104,"column":29}},"104":{"start":{"line":105,"column":0},"end":{"line":105,"column":22}},"105":{"start":{"line":106,"column":0},"end":{"line":106,"column":44}},"106":{"start":{"line":107,"column":0},"end":{"line":107,"column":84}},"107":{"start":{"line":108,"column":0},"end":{"line":108,"column":62}},"108":{"start":{"line":109,"column":0},"end":{"line":109,"column":6}},"109":{"start":{"line":110,"column":0},"end":{"line":110,"column":22}},"110":{"start":{"line":111,"column":0},"end":{"line":111,"column":64}},"111":{"start":{"line":112,"column":0},"end":{"line":112,"column":6}},"112":{"start":{"line":113,"column":0},"end":{"line":113,"column":4}},"113":{"start":{"line":114,"column":0},"end":{"line":114,"column":1}}},"s":{"0":1,"3":1,"5":1,"6":16,"7":16,"8":16,"9":7,"10":7,"11":6,"12":7,"13":16,"14":16,"16":1,"17":11,"18":11,"19":11,"20":5,"21":5,"22":4,"23":5,"24":11,"25":11,"26":11,"28":1,"29":18,"30":18,"31":18,"32":3,"33":3,"34":3,"35":3,"36":3,"37":3,"38":2,"39":3,"40":18,"41":18,"42":18,"44":1,"45":16,"46":16,"47":16,"48":3,"49":3,"50":3,"51":16,"52":16,"53":16,"55":1,"56":3,"57":3,"58":3,"59":0,"60":0,"61":0,"63":0,"64":0,"65":0,"66":0,"67":0,"69":0,"70":0,"71":0,"72":0,"73":0,"74":0,"75":0,"77":0,"79":0,"80":0,"81":0,"82":0,"83":0,"84":3,"85":0,"86":0,"87":3,"88":3,"90":1,"91":12,"92":12,"93":12,"94":7,"95":7,"96":6,"97":7,"98":12,"99":12,"100":12,"102":1,"103":10,"104":10,"105":10,"106":2,"107":2,"108":2,"109":10,"110":1,"111":1,"112":10,"113":10},"branchMap":{"0":{"type":"branch","line":6,"loc":{"start":{"line":6,"column":7},"end":{"line":15,"column":1}},"locations":[{"start":{"line":6,"column":7},"end":{"line":15,"column":1}}]},"1":{"type":"branch","line":9,"loc":{"start":{"line":9,"column":13},"end":{"line":13,"column":6}},"locations":[{"start":{"line":9,"column":13},"end":{"line":13,"column":6}}]},"2":{"type":"branch","line":11,"loc":{"start":{"line":11,"column":19},"end":{"line":12,"column":45}},"locations":[{"start":{"line":11,"column":19},"end":{"line":12,"column":45}}]},"3":{"type":"branch","line":11,"loc":{"start":{"line":11,"column":19},"end":{"line":11,"column":63}},"locations":[{"start":{"line":11,"column":19},"end":{"line":11,"column":63}}]},"4":{"type":"branch","line":17,"loc":{"start":{"line":17,"column":7},"end":{"line":27,"column":1}},"locations":[{"start":{"line":17,"column":7},"end":{"line":27,"column":1}}]},"5":{"type":"branch","line":20,"loc":{"start":{"line":20,"column":13},"end":{"line":24,"column":6}},"locations":[{"start":{"line":20,"column":13},"end":{"line":24,"column":6}}]},"6":{"type":"branch","line":22,"loc":{"start":{"line":22,"column":19},"end":{"line":23,"column":43}},"locations":[{"start":{"line":22,"column":19},"end":{"line":23,"column":43}}]},"7":{"type":"branch","line":22,"loc":{"start":{"line":22,"column":19},"end":{"line":22,"column":62}},"locations":[{"start":{"line":22,"column":19},"end":{"line":22,"column":62}}]},"8":{"type":"branch","line":29,"loc":{"start":{"line":29,"column":7},"end":{"line":43,"column":1}},"locations":[{"start":{"line":29,"column":7},"end":{"line":43,"column":1}}]},"9":{"type":"branch","line":32,"loc":{"start":{"line":32,"column":16},"end":{"line":40,"column":6}},"locations":[{"start":{"line":32,"column":16},"end":{"line":40,"column":6}}]},"10":{"type":"branch","line":38,"loc":{"start":{"line":38,"column":19},"end":{"line":38,"column":60}},"locations":[{"start":{"line":38,"column":19},"end":{"line":38,"column":60}}]},"11":{"type":"branch","line":38,"loc":{"start":{"line":38,"column":59},"end":{"line":39,"column":23}},"locations":[{"start":{"line":38,"column":59},"end":{"line":39,"column":23}}]},"12":{"type":"branch","line":41,"loc":{"start":{"line":41,"column":15},"end":{"line":41,"column":70}},"locations":[{"start":{"line":41,"column":15},"end":{"line":41,"column":70}}]},"13":{"type":"branch","line":45,"loc":{"start":{"line":45,"column":7},"end":{"line":54,"column":1}},"locations":[{"start":{"line":45,"column":7},"end":{"line":54,"column":1}}]},"14":{"type":"branch","line":48,"loc":{"start":{"line":48,"column":16},"end":{"line":51,"column":6}},"locations":[{"start":{"line":48,"column":16},"end":{"line":51,"column":6}}]},"15":{"type":"branch","line":50,"loc":{"start":{"line":50,"column":19},"end":{"line":50,"column":63}},"locations":[{"start":{"line":50,"column":19},"end":{"line":50,"column":63}}]},"16":{"type":"branch","line":52,"loc":{"start":{"line":52,"column":15},"end":{"line":52,"column":70}},"locations":[{"start":{"line":52,"column":15},"end":{"line":52,"column":70}}]},"17":{"type":"branch","line":56,"loc":{"start":{"line":56,"column":7},"end":{"line":89,"column":1}},"locations":[{"start":{"line":56,"column":7},"end":{"line":89,"column":1}}]},"18":{"type":"branch","line":91,"loc":{"start":{"line":91,"column":7},"end":{"line":101,"column":1}},"locations":[{"start":{"line":91,"column":7},"end":{"line":101,"column":1}}]},"19":{"type":"branch","line":94,"loc":{"start":{"line":94,"column":13},"end":{"line":98,"column":6}},"locations":[{"start":{"line":94,"column":13},"end":{"line":98,"column":6}}]},"20":{"type":"branch","line":96,"loc":{"start":{"line":96,"column":19},"end":{"line":97,"column":41}},"locations":[{"start":{"line":96,"column":19},"end":{"line":97,"column":41}}]},"21":{"type":"branch","line":96,"loc":{"start":{"line":96,"column":19},"end":{"line":96,"column":61}},"locations":[{"start":{"line":96,"column":19},"end":{"line":96,"column":61}}]},"22":{"type":"branch","line":103,"loc":{"start":{"line":103,"column":7},"end":{"line":114,"column":1}},"locations":[{"start":{"line":103,"column":7},"end":{"line":114,"column":1}}]},"23":{"type":"branch","line":106,"loc":{"start":{"line":106,"column":16},"end":{"line":109,"column":6}},"locations":[{"start":{"line":106,"column":16},"end":{"line":109,"column":6}}]},"24":{"type":"branch","line":108,"loc":{"start":{"line":108,"column":19},"end":{"line":108,"column":62}},"locations":[{"start":{"line":108,"column":19},"end":{"line":108,"column":62}}]},"25":{"type":"branch","line":110,"loc":{"start":{"line":110,"column":15},"end":{"line":112,"column":6}},"locations":[{"start":{"line":110,"column":15},"end":{"line":112,"column":6}}]}},"b":{"0":[16],"1":[7],"2":[6],"3":[1],"4":[11],"5":[5],"6":[4],"7":[1],"8":[18],"9":[3],"10":[1],"11":[2],"12":[2],"13":[16],"14":[3],"15":[1],"16":[2],"17":[3],"18":[12],"19":[7],"20":[6],"21":[1],"22":[10],"23":[2],"24":[1],"25":[1]},"fnMap":{"0":{"name":"useProjects","decl":{"start":{"line":6,"column":7},"end":{"line":15,"column":1}},"loc":{"start":{"line":6,"column":7},"end":{"line":15,"column":1}},"line":6},"1":{"name":"queryFn","decl":{"start":{"line":9,"column":13},"end":{"line":13,"column":6}},"loc":{"start":{"line":9,"column":13},"end":{"line":13,"column":6}},"line":9},"2":{"name":"useProject","decl":{"start":{"line":17,"column":7},"end":{"line":27,"column":1}},"loc":{"start":{"line":17,"column":7},"end":{"line":27,"column":1}},"line":17},"3":{"name":"queryFn","decl":{"start":{"line":20,"column":13},"end":{"line":24,"column":6}},"loc":{"start":{"line":20,"column":13},"end":{"line":24,"column":6}},"line":20},"4":{"name":"useCreateProject","decl":{"start":{"line":29,"column":7},"end":{"line":43,"column":1}},"loc":{"start":{"line":29,"column":7},"end":{"line":43,"column":1}},"line":29},"5":{"name":"mutationFn","decl":{"start":{"line":32,"column":16},"end":{"line":40,"column":6}},"loc":{"start":{"line":32,"column":16},"end":{"line":40,"column":6}},"line":32},"6":{"name":"onSuccess","decl":{"start":{"line":41,"column":15},"end":{"line":41,"column":70}},"loc":{"start":{"line":41,"column":15},"end":{"line":41,"column":70}},"line":41},"7":{"name":"useDeleteProject","decl":{"start":{"line":45,"column":7},"end":{"line":54,"column":1}},"loc":{"start":{"line":45,"column":7},"end":{"line":54,"column":1}},"line":45},"8":{"name":"mutationFn","decl":{"start":{"line":48,"column":16},"end":{"line":51,"column":6}},"loc":{"start":{"line":48,"column":16},"end":{"line":51,"column":6}},"line":48},"9":{"name":"onSuccess","decl":{"start":{"line":52,"column":15},"end":{"line":52,"column":70}},"loc":{"start":{"line":52,"column":15},"end":{"line":52,"column":70}},"line":52},"10":{"name":"useUploadVideo","decl":{"start":{"line":56,"column":7},"end":{"line":89,"column":1}},"loc":{"start":{"line":56,"column":7},"end":{"line":89,"column":1}},"line":56},"11":{"name":"mutationFn","decl":{"start":{"line":59,"column":16},"end":{"line":84,"column":6}},"loc":{"start":{"line":59,"column":16},"end":{"line":84,"column":6}},"line":59},"12":{"name":"onSuccess","decl":{"start":{"line":85,"column":15},"end":{"line":87,"column":6}},"loc":{"start":{"line":85,"column":15},"end":{"line":87,"column":6}},"line":85},"13":{"name":"useVideo","decl":{"start":{"line":91,"column":7},"end":{"line":101,"column":1}},"loc":{"start":{"line":91,"column":7},"end":{"line":101,"column":1}},"line":91},"14":{"name":"queryFn","decl":{"start":{"line":94,"column":13},"end":{"line":98,"column":6}},"loc":{"start":{"line":94,"column":13},"end":{"line":98,"column":6}},"line":94},"15":{"name":"useDeleteVideo","decl":{"start":{"line":103,"column":7},"end":{"line":114,"column":1}},"loc":{"start":{"line":103,"column":7},"end":{"line":114,"column":1}},"line":103},"16":{"name":"mutationFn","decl":{"start":{"line":106,"column":16},"end":{"line":109,"column":6}},"loc":{"start":{"line":106,"column":16},"end":{"line":109,"column":6}},"line":106},"17":{"name":"onSuccess","decl":{"start":{"line":110,"column":15},"end":{"line":112,"column":6}},"loc":{"start":{"line":110,"column":15},"end":{"line":112,"column":6}},"line":110}},"f":{"0":16,"1":7,"2":11,"3":5,"4":18,"5":3,"6":2,"7":16,"8":3,"9":2,"10":3,"11":0,"12":0,"13":12,"14":7,"15":10,"16":2,"17":1}}
,"/home/etud/Bureau/Annotation/frontend/src/api/statistics.ts": {"path":"/home/etud/Bureau/Annotation/frontend/src/api/statistics.ts","all":false,"statementMap":{"0":{"start":{"line":1,"column":0},"end":{"line":1,"column":77}},"3":{"start":{"line":4,"column":0},"end":{"line":4,"column":79}},"5":{"start":{"line":6,"column":0},"end":{"line":6,"column":53}},"6":{"start":{"line":7,"column":0},"end":{"line":7,"column":19}},"7":{"start":{"line":8,"column":0},"end":{"line":8,"column":38}},"8":{"start":{"line":9,"column":0},"end":{"line":9,"column":26}},"9":{"start":{"line":10,"column":0},"end":{"line":10,"column":73}},"10":{"start":{"line":11,"column":0},"end":{"line":11,"column":68}},"11":{"start":{"line":12,"column":0},"end":{"line":12,"column":57}},"12":{"start":{"line":13,"column":0},"end":{"line":13,"column":6}},"13":{"start":{"line":14,"column":0},"end":{"line":14,"column":23}},"14":{"start":{"line":15,"column":0},"end":{"line":15,"column":4}},"15":{"start":{"line":16,"column":0},"end":{"line":16,"column":1}},"17":{"start":{"line":18,"column":0},"end":{"line":18,"column":43}},"18":{"start":{"line":19,"column":0},"end":{"line":19,"column":29}},"19":{"start":{"line":20,"column":0},"end":{"line":20,"column":31}},"20":{"start":{"line":21,"column":0},"end":{"line":21,"column":63}},"21":{"start":{"line":22,"column":0},"end":{"line":22,"column":3}},"22":{"start":{"line":23,"column":0},"end":{"line":23,"column":1}},"24":{"start":{"line":25,"column":0},"end":{"line":25,"column":51}},"25":{"start":{"line":26,"column":0},"end":{"line":26,"column":22}},"26":{"start":{"line":27,"column":0},"end":{"line":27,"column":78}},"27":{"start":{"line":28,"column":0},"end":{"line":28,"column":90}},"28":{"start":{"line":29,"column":0},"end":{"line":29,"column":23}},"29":{"start":{"line":30,"column":0},"end":{"line":30,"column":56}},"30":{"start":{"line":31,"column":0},"end":{"line":31,"column":56}},"31":{"start":{"line":32,"column":0},"end":{"line":32,"column":8}},"32":{"start":{"line":33,"column":0},"end":{"line":33,"column":70}},"33":{"start":{"line":34,"column":0},"end":{"line":34,"column":23}},"34":{"start":{"line":35,"column":0},"end":{"line":35,"column":6}},"35":{"start":{"line":36,"column":0},"end":{"line":36,"column":4}},"36":{"start":{"line":37,"column":0},"end":{"line":37,"column":1}}},"s":{"0":1,"3":1,"5":1,"6":28,"7":28,"8":28,"9":12,"10":11,"11":10,"12":12,"13":28,"14":28,"15":28,"17":1,"18":1,"19":1,"20":1,"21":1,"22":1,"24":1,"25":27,"26":27,"27":5,"28":5,"29":5,"30":5,"31":5,"32":5,"33":4,"34":5,"35":27,"36":27},"branchMap":{"0":{"type":"branch","line":6,"loc":{"start":{"line":6,"column":7},"end":{"line":16,"column":1}},"locations":[{"start":{"line":6,"column":7},"end":{"line":16,"column":1}}]},"1":{"type":"branch","line":9,"loc":{"start":{"line":9,"column":13},"end":{"line":13,"column":6}},"locations":[{"start":{"line":9,"column":13},"end":{"line":13,"column":6}}]},"2":{"type":"branch","line":10,"loc":{"start":{"line":10,"column":72},"end":{"line":12,"column":57}},"locations":[{"start":{"line":10,"column":72},"end":{"line":12,"column":57}}]},"3":{"type":"branch","line":11,"loc":{"start":{"line":11,"column":19},"end":{"line":11,"column":68}},"locations":[{"start":{"line":11,"column":19},"end":{"line":11,"column":68}}]},"4":{"type":"branch","line":11,"loc":{"start":{"line":11,"column":67},"end":{"line":12,"column":57}},"locations":[{"start":{"line":11,"column":67},"end":{"line":12,"column":57}}]},"5":{"type":"branch","line":18,"loc":{"start":{"line":18,"column":7},"end":{"line":23,"column":1}},"locations":[{"start":{"line":18,"column":7},"end":{"line":23,"column":1}}]},"6":{"type":"branch","line":20,"loc":{"start":{"line":20,"column":9},"end":{"line":22,"column":3}},"locations":[{"start":{"line":20,"column":9},"end":{"line":22,"column":3}}]},"7":{"type":"branch","line":25,"loc":{"start":{"line":25,"column":7},"end":{"line":37,"column":1}},"locations":[{"start":{"line":25,"column":7},"end":{"line":37,"column":1}}]},"8":{"type":"branch","line":27,"loc":{"start":{"line":27,"column":16},"end":{"line":35,"column":6}},"locations":[{"start":{"line":27,"column":16},"end":{"line":35,"column":6}}]},"9":{"type":"branch","line":33,"loc":{"start":{"line":33,"column":19},"end":{"line":33,"column":70}},"locations":[{"start":{"line":33,"column":19},"end":{"line":33,"column":70}}]},"10":{"type":"branch","line":33,"loc":{"start":{"line":33,"column":69},"end":{"line":34,"column":23}},"locations":[{"start":{"line":33,"column":69},"end":{"line":34,"column":23}}]}},"b":{"0":[28],"1":[12],"2":[11],"3":[1],"4":[10],"5":[1],"6":[1],"7":[27],"8":[5],"9":[1],"10":[4]},"fnMap":{"0":{"name":"useVideoStatistics","decl":{"start":{"line":6,"column":7},"end":{"line":16,"column":1}},"loc":{"start":{"line":6,"column":7},"end":{"line":16,"column":1}},"line":6},"1":{"name":"queryFn","decl":{"start":{"line":9,"column":13},"end":{"line":13,"column":6}},"loc":{"start":{"line":9,"column":13},"end":{"line":13,"column":6}},"line":9},"2":{"name":"useInvalidateStatistics","decl":{"start":{"line":18,"column":7},"end":{"line":23,"column":1}},"loc":{"start":{"line":18,"column":7},"end":{"line":23,"column":1}},"line":18},"3":{"name":"usePlaybackSpeed","decl":{"start":{"line":25,"column":7},"end":{"line":37,"column":1}},"loc":{"start":{"line":25,"column":7},"end":{"line":37,"column":1}},"line":25},"4":{"name":"mutationFn","decl":{"start":{"line":27,"column":16},"end":{"line":35,"column":6}},"loc":{"start":{"line":27,"column":16},"end":{"line":35,"column":6}},"line":27}},"f":{"0":28,"1":12,"2":1,"3":27,"4":5}}
,"/home/etud/Bureau/Annotation/frontend/src/components/KeyboardShortcutsModal.tsx": {"path":"/home/etud/Bureau/Annotation/frontend/src/components/KeyboardShortcutsModal.tsx","all":false,"statementMap":{"0":{"start":{"line":1,"column":0},"end":{"line":1,"column":25}},"6":{"start":{"line":7,"column":0},"end":{"line":7,"column":19}},"7":{"start":{"line":8,"column":0},"end":{"line":8,"column":56}},"8":{"start":{"line":9,"column":0},"end":{"line":9,"column":51}},"9":{"start":{"line":10,"column":0},"end":{"line":10,"column":71}},"10":{"start":{"line":11,"column":0},"end":{"line":11,"column":73}},"11":{"start":{"line":12,"column":0},"end":{"line":12,"column":69}},"12":{"start":{"line":13,"column":0},"end":{"line":13,"column":1}},"14":{"start":{"line":15,"column":0},"end":{"line":15,"column":73}},"15":{"start":{"line":16,"column":0},"end":{"line":16,"column":6}},"16":{"start":{"line":17,"column":0},"end":{"line":17,"column":21}},"17":{"start":{"line":18,"column":0},"end":{"line":18,"column":12}},"18":{"start":{"line":19,"column":0},"end":{"line":19,"column":70}},"19":{"start":{"line":20,"column":0},"end":{"line":20,"column":84}},"20":{"start":{"line":21,"column":0},"end":{"line":21,"column":6}},"22":{"start":{"line":23,"column":0},"end":{"line":23,"column":8}},"23":{"start":{"line":24,"column":0},"end":{"line":24,"column":40}},"24":{"start":{"line":25,"column":0},"end":{"line":25,"column":14}},"25":{"start":{"line":26,"column":0},"end":{"line":26,"column":55}},"26":{"start":{"line":27,"column":0},"end":{"line":27,"column":58}},"27":{"start":{"line":28,"column":0},"end":{"line":28,"column":74}},"28":{"start":{"line":29,"column":0},"end":{"line":29,"column":8}},"30":{"start":{"line":31,"column":0},"end":{"line":31,"column":116}},"31":{"start":{"line":32,"column":0},"end":{"line":32,"column":114}},"32":{"start":{"line":33,"column":0},"end":{"line":33,"column":170}},"33":{"start":{"line":34,"column":0},"end":{"line":34,"column":12}},"35":{"start":{"line":36,"column":0},"end":{"line":36,"column":67}},"36":{"start":{"line":37,"column":0},"end":{"line":37,"column":15}},"37":{"start":{"line":38,"column":0},"end":{"line":38,"column":46}},"38":{"start":{"line":39,"column":0},"end":{"line":39,"column":95}},"39":{"start":{"line":40,"column":0},"end":{"line":40,"column":87}},"40":{"start":{"line":41,"column":0},"end":{"line":41,"column":49}},"41":{"start":{"line":42,"column":0},"end":{"line":42,"column":42}},"42":{"start":{"line":43,"column":0},"end":{"line":43,"column":113}},"43":{"start":{"line":44,"column":0},"end":{"line":44,"column":33}},"44":{"start":{"line":45,"column":0},"end":{"line":45,"column":84}},"45":{"start":{"line":46,"column":0},"end":{"line":46,"column":85}},"46":{"start":{"line":47,"column":0},"end":{"line":47,"column":83}},"47":{"start":{"line":48,"column":0},"end":{"line":48,"column":32}},"48":{"start":{"line":49,"column":0},"end":{"line":49,"column":35}},"49":{"start":{"line":50,"column":0},"end":{"line":50,"column":19}},"50":{"start":{"line":51,"column":0},"end":{"line":51,"column":19}},"51":{"start":{"line":52,"column":0},"end":{"line":52,"column":111}},"52":{"start":{"line":53,"column":0},"end":{"line":53,"column":22}},"53":{"start":{"line":54,"column":0},"end":{"line":54,"column":19}},"54":{"start":{"line":55,"column":0},"end":{"line":55,"column":17}},"55":{"start":{"line":56,"column":0},"end":{"line":56,"column":13}},"56":{"start":{"line":57,"column":0},"end":{"line":57,"column":16}},"57":{"start":{"line":58,"column":0},"end":{"line":58,"column":14}},"59":{"start":{"line":60,"column":0},"end":{"line":60,"column":102}},"61":{"start":{"line":62,"column":0},"end":{"line":62,"column":12}},"62":{"start":{"line":63,"column":0},"end":{"line":63,"column":104}},"63":{"start":{"line":64,"column":0},"end":{"line":64,"column":112}},"64":{"start":{"line":65,"column":0},"end":{"line":65,"column":12}},"65":{"start":{"line":66,"column":0},"end":{"line":66,"column":10}},"66":{"start":{"line":67,"column":0},"end":{"line":67,"column":8}}},"s":{"0":1,"6":1,"7":1,"8":1,"9":1,"10":1,"11":1,"12":1,"14":1,"15":9,"16":9,"17":9,"18":9,"19":9,"20":9,"22":9,"23":9,"24":9,"25":9,"26":9,"27":9,"28":9,"30":9,"31":9,"32":9,"33":9,"35":9,"36":9,"37":9,"38":45,"39":45,"40":45,"41":72,"42":72,"43":72,"44":72,"45":72,"46":72,"47":72,"48":72,"49":45,"50":45,"51":45,"52":45,"53":45,"54":45,"55":9,"56":9,"57":9,"59":9,"61":9,"62":9,"63":9,"64":9,"65":9,"66":9},"branchMap":{"0":{"type":"branch","line":15,"loc":{"start":{"line":15,"column":55},"end":{"line":67,"column":8}},"locations":[{"start":{"line":15,"column":55},"end":{"line":67,"column":8}}]},"1":{"type":"branch","line":24,"loc":{"start":{"line":24,"column":15},"end":{"line":24,"column":40}},"locations":[{"start":{"line":24,"column":15},"end":{"line":24,"column":40}}]},"2":{"type":"branch","line":38,"loc":{"start":{"line":38,"column":25},"end":{"line":55,"column":17}},"locations":[{"start":{"line":38,"column":25},"end":{"line":55,"column":17}}]},"3":{"type":"branch","line":41,"loc":{"start":{"line":41,"column":38},"end":{"line":49,"column":35}},"locations":[{"start":{"line":41,"column":38},"end":{"line":49,"column":35}}]},"4":{"type":"branch","line":43,"loc":{"start":{"line":43,"column":25},"end":{"line":43,"column":113}},"locations":[{"start":{"line":43,"column":25},"end":{"line":43,"column":113}}]}},"b":{"0":[9],"1":[2],"2":[45],"3":[72],"4":[27]},"fnMap":{"0":{"name":"KeyboardShortcutsModal","decl":{"start":{"line":15,"column":55},"end":{"line":67,"column":8}},"loc":{"start":{"line":15,"column":55},"end":{"line":67,"column":8}},"line":15},"1":{"name":"onClick","decl":{"start":{"line":24,"column":15},"end":{"line":24,"column":40}},"loc":{"start":{"line":24,"column":15},"end":{"line":24,"column":40}},"line":24}},"f":{"0":9,"1":2}}
,"/home/etud/Bureau/Annotation/frontend/src/components/annotations/AnnotationItem.tsx": {"path":"/home/etud/Bureau/Annotation/frontend/src/components/annotations/AnnotationItem.tsx","all":false,"statementMap":{"0":{"start":{"line":1,"column":0},"end":{"line":1,"column":39}},"13":{"start":{"line":14,"column":0},"end":{"line":14,"column":63}},"14":{"start":{"line":15,"column":0},"end":{"line":15,"column":59}},"15":{"start":{"line":16,"column":0},"end":{"line":16,"column":7}},"16":{"start":{"line":17,"column":0},"end":{"line":17,"column":57}},"17":{"start":{"line":18,"column":0},"end":{"line":18,"column":57}},"18":{"start":{"line":19,"column":0},"end":{"line":19,"column":54}},"19":{"start":{"line":20,"column":0},"end":{"line":20,"column":79}},"21":{"start":{"line":22,"column":0},"end":{"line":22,"column":27}},"22":{"start":{"line":23,"column":0},"end":{"line":23,"column":26}},"23":{"start":{"line":24,"column":0},"end":{"line":24,"column":59}},"24":{"start":{"line":25,"column":0},"end":{"line":25,"column":3}},"26":{"start":{"line":27,"column":0},"end":{"line":27,"column":27}},"27":{"start":{"line":28,"column":0},"end":{"line":28,"column":26}},"28":{"start":{"line":29,"column":0},"end":{"line":29,"column":97}},"29":{"start":{"line":30,"column":0},"end":{"line":30,"column":28}},"30":{"start":{"line":31,"column":0},"end":{"line":31,"column":48}},"31":{"start":{"line":32,"column":0},"end":{"line":32,"column":3}},"33":{"start":{"line":34,"column":0},"end":{"line":34,"column":10}},"34":{"start":{"line":35,"column":0},"end":{"line":35,"column":8}},"35":{"start":{"line":36,"column":0},"end":{"line":36,"column":35}},"36":{"start":{"line":37,"column":0},"end":{"line":37,"column":174}},"39":{"start":{"line":40,"column":0},"end":{"line":40,"column":23}},"40":{"start":{"line":41,"column":0},"end":{"line":41,"column":14}},"41":{"start":{"line":42,"column":0},"end":{"line":42,"column":28}},"42":{"start":{"line":43,"column":0},"end":{"line":43,"column":23}},"43":{"start":{"line":44,"column":0},"end":{"line":44,"column":17}},"44":{"start":{"line":45,"column":0},"end":{"line":45,"column":27}},"45":{"start":{"line":46,"column":0},"end":{"line":46,"column":19}},"46":{"start":{"line":47,"column":0},"end":{"line":47,"column":55}},"47":{"start":{"line":48,"column":0},"end":{"line":48,"column":28}},"48":{"start":{"line":49,"column":0},"end":{"line":49,"column":165}},"49":{"start":{"line":50,"column":0},"end":{"line":50,"column":75}},"50":{"start":{"line":51,"column":0},"end":{"line":51,"column":10}},"52":{"start":{"line":53,"column":0},"end":{"line":53,"column":13}},"53":{"start":{"line":54,"column":0},"end":{"line":54,"column":57}},"54":{"start":{"line":55,"column":0},"end":{"line":55,"column":53}},"55":{"start":{"line":56,"column":0},"end":{"line":56,"column":78}},"56":{"start":{"line":57,"column":0},"end":{"line":57,"column":131}},"58":{"start":{"line":59,"column":0},"end":{"line":59,"column":35}},"59":{"start":{"line":60,"column":0},"end":{"line":60,"column":15}},"63":{"start":{"line":64,"column":0},"end":{"line":64,"column":101}},"64":{"start":{"line":65,"column":0},"end":{"line":65,"column":56}},"65":{"start":{"line":66,"column":0},"end":{"line":66,"column":13}},"68":{"start":{"line":69,"column":0},"end":{"line":69,"column":23}},"69":{"start":{"line":70,"column":0},"end":{"line":70,"column":14}},"70":{"start":{"line":71,"column":0},"end":{"line":71,"column":23}},"71":{"start":{"line":72,"column":0},"end":{"line":72,"column":19}},"72":{"start":{"line":73,"column":0},"end":{"line":73,"column":32}},"73":{"start":{"line":74,"column":0},"end":{"line":74,"column":50}},"74":{"start":{"line":75,"column":0},"end":{"line":75,"column":28}},"75":{"start":{"line":76,"column":0},"end":{"line":76,"column":145}},"76":{"start":{"line":77,"column":0},"end":{"line":77,"column":44}},"77":{"start":{"line":78,"column":0},"end":{"line":78,"column":50}},"78":{"start":{"line":79,"column":0},"end":{"line":79,"column":10}},"80":{"start":{"line":81,"column":0},"end":{"line":81,"column":13}},"81":{"start":{"line":82,"column":0},"end":{"line":82,"column":53}},"82":{"start":{"line":83,"column":0},"end":{"line":83,"column":52}},"83":{"start":{"line":84,"column":0},"end":{"line":84,"column":18}},"84":{"start":{"line":85,"column":0},"end":{"line":85,"column":20}},"85":{"start":{"line":86,"column":0},"end":{"line":86,"column":90}},"86":{"start":{"line":87,"column":0},"end":{"line":87,"column":51}},"87":{"start":{"line":88,"column":0},"end":{"line":88,"column":27}},"88":{"start":{"line":89,"column":0},"end":{"line":89,"column":28}},"89":{"start":{"line":90,"column":0},"end":{"line":90,"column":31}},"90":{"start":{"line":91,"column":0},"end":{"line":91,"column":28}},"91":{"start":{"line":92,"column":0},"end":{"line":92,"column":44}},"92":{"start":{"line":93,"column":0},"end":{"line":93,"column":12}},"93":{"start":{"line":94,"column":0},"end":{"line":94,"column":91}},"94":{"start":{"line":95,"column":0},"end":{"line":95,"column":81}},"96":{"start":{"line":97,"column":0},"end":{"line":97,"column":33}},"97":{"start":{"line":98,"column":0},"end":{"line":98,"column":15}},"101":{"start":{"line":102,"column":0},"end":{"line":102,"column":13}},"102":{"start":{"line":103,"column":0},"end":{"line":103,"column":30}},"103":{"start":{"line":104,"column":0},"end":{"line":104,"column":71}},"104":{"start":{"line":105,"column":0},"end":{"line":105,"column":42}},"105":{"start":{"line":106,"column":0},"end":{"line":106,"column":182}},"106":{"start":{"line":107,"column":0},"end":{"line":107,"column":7}},"108":{"start":{"line":109,"column":0},"end":{"line":109,"column":15}},"109":{"start":{"line":110,"column":0},"end":{"line":110,"column":10}},"111":{"start":{"line":112,"column":0},"end":{"line":112,"column":1}}},"s":{"0":1,"13":1,"14":57,"15":57,"16":57,"17":57,"18":57,"19":57,"21":57,"22":2,"23":2,"24":2,"26":57,"27":3,"28":3,"29":3,"30":3,"31":3,"33":57,"34":57,"35":57,"36":57,"39":57,"40":8,"41":8,"42":8,"43":8,"44":8,"45":8,"46":8,"47":8,"48":8,"49":8,"50":8,"52":49,"53":49,"54":49,"55":49,"56":49,"58":49,"59":49,"63":57,"64":57,"65":57,"68":57,"69":7,"70":7,"71":7,"72":7,"73":7,"74":7,"75":7,"76":7,"77":7,"78":7,"80":50,"81":50,"82":50,"83":50,"84":50,"85":50,"86":50,"87":50,"88":50,"89":50,"90":50,"91":50,"92":50,"93":50,"94":50,"96":50,"97":50,"101":57,"102":57,"103":57,"104":57,"105":57,"106":57,"108":57,"109":57,"111":57},"branchMap":{"0":{"type":"branch","line":14,"loc":{"start":{"line":14,"column":61},"end":{"line":112,"column":1}},"locations":[{"start":{"line":14,"column":61},"end":{"line":112,"column":1}}]},"1":{"type":"branch","line":40,"loc":{"start":{"line":40,"column":7},"end":{"line":51,"column":10}},"locations":[{"start":{"line":40,"column":7},"end":{"line":51,"column":10}}]},"2":{"type":"branch","line":51,"loc":{"start":{"line":51,"column":8},"end":{"line":60,"column":15}},"locations":[{"start":{"line":51,"column":8},"end":{"line":60,"column":15}}]},"3":{"type":"branch","line":69,"loc":{"start":{"line":69,"column":7},"end":{"line":79,"column":10}},"locations":[{"start":{"line":69,"column":7},"end":{"line":79,"column":10}}]},"4":{"type":"branch","line":79,"loc":{"start":{"line":79,"column":8},"end":{"line":98,"column":15}},"locations":[{"start":{"line":79,"column":8},"end":{"line":98,"column":15}}]},"5":{"type":"branch","line":86,"loc":{"start":{"line":86,"column":19},"end":{"line":86,"column":58}},"locations":[{"start":{"line":86,"column":19},"end":{"line":86,"column":58}}]},"6":{"type":"branch","line":86,"loc":{"start":{"line":86,"column":27},"end":{"line":86,"column":90}},"locations":[{"start":{"line":86,"column":27},"end":{"line":86,"column":90}}]},"7":{"type":"branch","line":87,"loc":{"start":{"line":87,"column":23},"end":{"line":87,"column":42}},"locations":[{"start":{"line":87,"column":23},"end":{"line":87,"column":42}}]},"8":{"type":"branch","line":87,"loc":{"start":{"line":87,"column":31},"end":{"line":87,"column":51}},"locations":[{"start":{"line":87,"column":31},"end":{"line":87,"column":51}}]},"9":{"type":"branch","line":97,"loc":{"start":{"line":97,"column":11},"end":{"line":97,"column":33}},"locations":[{"start":{"line":97,"column":11},"end":{"line":97,"column":33}}]},"10":{"type":"branch","line":22,"loc":{"start":{"line":22,"column":20},"end":{"line":25,"column":3}},"locations":[{"start":{"line":22,"column":20},"end":{"line":25,"column":3}}]},"11":{"type":"branch","line":27,"loc":{"start":{"line":27,"column":20},"end":{"line":32,"column":3}},"locations":[{"start":{"line":27,"column":20},"end":{"line":32,"column":3}}]},"12":{"type":"branch","line":29,"loc":{"start":{"line":29,"column":67},"end":{"line":29,"column":95}},"locations":[{"start":{"line":29,"column":67},"end":{"line":29,"column":95}}]},"13":{"type":"branch","line":47,"loc":{"start":{"line":47,"column":20},"end":{"line":47,"column":55}},"locations":[{"start":{"line":47,"column":20},"end":{"line":47,"column":55}}]},"14":{"type":"branch","line":49,"loc":{"start":{"line":49,"column":21},"end":{"line":49,"column":165}},"locations":[{"start":{"line":49,"column":21},"end":{"line":49,"column":165}}]},"15":{"type":"branch","line":49,"loc":{"start":{"line":49,"column":51},"end":{"line":49,"column":64}},"locations":[{"start":{"line":49,"column":51},"end":{"line":49,"column":64}}]},"16":{"type":"branch","line":49,"loc":{"start":{"line":49,"column":88},"end":{"line":49,"column":163}},"locations":[{"start":{"line":49,"column":88},"end":{"line":49,"column":163}}]},"17":{"type":"branch","line":54,"loc":{"start":{"line":54,"column":19},"end":{"line":54,"column":57}},"locations":[{"start":{"line":54,"column":19},"end":{"line":54,"column":57}}]},"18":{"type":"branch","line":55,"loc":{"start":{"line":55,"column":25},"end":{"line":55,"column":53}},"locations":[{"start":{"line":55,"column":25},"end":{"line":55,"column":53}}]},"19":{"type":"branch","line":74,"loc":{"start":{"line":74,"column":20},"end":{"line":74,"column":50}},"locations":[{"start":{"line":74,"column":20},"end":{"line":74,"column":50}}]},"20":{"type":"branch","line":76,"loc":{"start":{"line":76,"column":21},"end":{"line":76,"column":145}},"locations":[{"start":{"line":76,"column":21},"end":{"line":76,"column":145}}]},"21":{"type":"branch","line":76,"loc":{"start":{"line":76,"column":51},"end":{"line":76,"column":64}},"locations":[{"start":{"line":76,"column":51},"end":{"line":76,"column":64}}]},"22":{"type":"branch","line":76,"loc":{"start":{"line":76,"column":88},"end":{"line":76,"column":143}},"locations":[{"start":{"line":76,"column":88},"end":{"line":76,"column":143}}]},"23":{"type":"branch","line":82,"loc":{"start":{"line":82,"column":25},"end":{"line":82,"column":53}},"locations":[{"start":{"line":82,"column":25},"end":{"line":82,"column":53}}]},"24":{"type":"branch","line":104,"loc":{"start":{"line":104,"column":17},"end":{"line":104,"column":71}},"locations":[{"start":{"line":104,"column":17},"end":{"line":104,"column":71}}]}},"b":{"0":[57],"1":[8],"2":[49],"3":[7],"4":[50],"5":[49],"6":[1],"7":[49],"8":[1],"9":[1],"10":[2],"11":[3],"12":[0],"13":[3],"14":[4],"15":[3],"16":[1],"17":[1],"18":[5],"19":[3],"20":[2],"21":[1],"22":[1],"23":[4],"24":[2]},"fnMap":{"0":{"name":"AnnotationItem","decl":{"start":{"line":14,"column":61},"end":{"line":112,"column":1}},"loc":{"start":{"line":14,"column":61},"end":{"line":112,"column":1}},"line":14},"1":{"name":"saveLabel","decl":{"start":{"line":22,"column":20},"end":{"line":25,"column":3}},"loc":{"start":{"line":22,"column":20},"end":{"line":25,"column":3}},"line":22},"2":{"name":"saveFrame","decl":{"start":{"line":27,"column":20},"end":{"line":32,"column":3}},"loc":{"start":{"line":27,"column":20},"end":{"line":32,"column":3}},"line":27},"3":{"name":"onChange","decl":{"start":{"line":47,"column":20},"end":{"line":47,"column":55}},"loc":{"start":{"line":47,"column":20},"end":{"line":47,"column":55}},"line":47},"4":{"name":"onKeyDown","decl":{"start":{"line":49,"column":21},"end":{"line":49,"column":165}},"loc":{"start":{"line":49,"column":21},"end":{"line":49,"column":165}},"line":49},"5":{"name":"onClick","decl":{"start":{"line":54,"column":19},"end":{"line":54,"column":57}},"loc":{"start":{"line":54,"column":19},"end":{"line":54,"column":57}},"line":54},"6":{"name":"onDoubleClick","decl":{"start":{"line":55,"column":25},"end":{"line":55,"column":53}},"loc":{"start":{"line":55,"column":25},"end":{"line":55,"column":53}},"line":55},"7":{"name":"onChange","decl":{"start":{"line":74,"column":20},"end":{"line":74,"column":50}},"loc":{"start":{"line":74,"column":20},"end":{"line":74,"column":50}},"line":74},"8":{"name":"onKeyDown","decl":{"start":{"line":76,"column":21},"end":{"line":76,"column":145}},"loc":{"start":{"line":76,"column":21},"end":{"line":76,"column":145}},"line":76},"9":{"name":"onClick","decl":{"start":{"line":77,"column":19},"end":{"line":77,"column":44}},"loc":{"start":{"line":77,"column":19},"end":{"line":77,"column":44}},"line":77},"10":{"name":"onDoubleClick","decl":{"start":{"line":82,"column":25},"end":{"line":82,"column":53}},"loc":{"start":{"line":82,"column":25},"end":{"line":82,"column":53}},"line":82},"11":{"name":"onMouseEnter","decl":{"start":{"line":94,"column":24},"end":{"line":94,"column":91}},"loc":{"start":{"line":94,"column":24},"end":{"line":94,"column":91}},"line":94},"12":{"name":"onMouseLeave","decl":{"start":{"line":95,"column":24},"end":{"line":95,"column":81}},"loc":{"start":{"line":95,"column":24},"end":{"line":95,"column":81}},"line":95},"13":{"name":"onClick","decl":{"start":{"line":104,"column":17},"end":{"line":104,"column":71}},"loc":{"start":{"line":104,"column":17},"end":{"line":104,"column":71}},"line":104}},"f":{"0":57,"1":2,"2":3,"3":3,"4":4,"5":1,"6":5,"7":3,"8":2,"9":0,"10":4,"11":0,"12":0,"13":2}}
,"/home/etud/Bureau/Annotation/frontend/src/components/annotations/AnnotationList.tsx": {"path":"/home/etud/Bureau/Annotation/frontend/src/components/annotations/AnnotationList.tsx","all":false,"statementMap":{"0":{"start":{"line":1,"column":0},"end":{"line":1,"column":25}},"13":{"start":{"line":14,"column":0},"end":{"line":14,"column":63}},"14":{"start":{"line":15,"column":0},"end":{"line":15,"column":60}},"15":{"start":{"line":16,"column":0},"end":{"line":16,"column":7}},"16":{"start":{"line":17,"column":0},"end":{"line":17,"column":81}},"18":{"start":{"line":19,"column":0},"end":{"line":19,"column":10}},"19":{"start":{"line":20,"column":0},"end":{"line":20,"column":48}},"20":{"start":{"line":21,"column":0},"end":{"line":21,"column":30}},"21":{"start":{"line":22,"column":0},"end":{"line":22,"column":121}},"22":{"start":{"line":23,"column":0},"end":{"line":23,"column":72}},"23":{"start":{"line":24,"column":0},"end":{"line":24,"column":12}},"25":{"start":{"line":26,"column":0},"end":{"line":26,"column":27}},"26":{"start":{"line":27,"column":0},"end":{"line":27,"column":25}},"27":{"start":{"line":28,"column":0},"end":{"line":28,"column":24}},"28":{"start":{"line":29,"column":0},"end":{"line":29,"column":28}},"29":{"start":{"line":30,"column":0},"end":{"line":30,"column":21}},"30":{"start":{"line":31,"column":0},"end":{"line":31,"column":37}},"31":{"start":{"line":32,"column":0},"end":{"line":32,"column":27}},"32":{"start":{"line":33,"column":0},"end":{"line":33,"column":31}},"33":{"start":{"line":34,"column":0},"end":{"line":34,"column":31}},"34":{"start":{"line":35,"column":0},"end":{"line":35,"column":12}},"35":{"start":{"line":36,"column":0},"end":{"line":36,"column":10}},"37":{"start":{"line":38,"column":0},"end":{"line":38,"column":10}},"39":{"start":{"line":40,"column":0},"end":{"line":40,"column":1}}},"s":{"0":1,"13":1,"14":11,"15":11,"16":11,"18":11,"19":11,"20":11,"21":1,"22":1,"23":1,"25":10,"26":19,"27":19,"28":19,"29":19,"30":19,"31":19,"32":19,"33":19,"34":19,"35":10,"37":11,"39":11},"branchMap":{"0":{"type":"branch","line":14,"loc":{"start":{"line":14,"column":61},"end":{"line":40,"column":1}},"locations":[{"start":{"line":14,"column":61},"end":{"line":40,"column":1}}]},"1":{"type":"branch","line":21,"loc":{"start":{"line":21,"column":25},"end":{"line":24,"column":12}},"locations":[{"start":{"line":21,"column":25},"end":{"line":24,"column":12}}]},"2":{"type":"branch","line":24,"loc":{"start":{"line":24,"column":8},"end":{"line":36,"column":10}},"locations":[{"start":{"line":24,"column":8},"end":{"line":36,"column":10}}]},"3":{"type":"branch","line":17,"loc":{"start":{"line":17,"column":39},"end":{"line":17,"column":80}},"locations":[{"start":{"line":17,"column":39},"end":{"line":17,"column":80}}]},"4":{"type":"branch","line":26,"loc":{"start":{"line":26,"column":19},"end":{"line":35,"column":12}},"locations":[{"start":{"line":26,"column":19},"end":{"line":35,"column":12}}]}},"b":{"0":[11],"1":[1],"2":[10],"3":[11],"4":[19]},"fnMap":{"0":{"name":"AnnotationList","decl":{"start":{"line":14,"column":61},"end":{"line":40,"column":1}},"loc":{"start":{"line":14,"column":61},"end":{"line":40,"column":1}},"line":14}},"f":{"0":11}}
,"/home/etud/Bureau/Annotation/frontend/src/components/annotations/BulkPlacementForm.tsx": {"path":"/home/etud/Bureau/Annotation/frontend/src/components/annotations/BulkPlacementForm.tsx","all":false,"statementMap":{"0":{"start":{"line":1,"column":0},"end":{"line":1,"column":39}},"1":{"start":{"line":2,"column":0},"end":{"line":2,"column":64}},"9":{"start":{"line":10,"column":0},"end":{"line":10,"column":96}},"10":{"start":{"line":11,"column":0},"end":{"line":11,"column":49}},"11":{"start":{"line":12,"column":0},"end":{"line":12,"column":55}},"12":{"start":{"line":13,"column":0},"end":{"line":13,"column":39}},"13":{"start":{"line":14,"column":0},"end":{"line":14,"column":46}},"15":{"start":{"line":16,"column":0},"end":{"line":16,"column":56}},"17":{"start":{"line":18,"column":0},"end":{"line":18,"column":73}},"18":{"start":{"line":19,"column":0},"end":{"line":19,"column":40}},"20":{"start":{"line":21,"column":0},"end":{"line":21,"column":18}},"21":{"start":{"line":22,"column":0},"end":{"line":22,"column":23}},"22":{"start":{"line":23,"column":0},"end":{"line":23,"column":29}},"23":{"start":{"line":24,"column":0},"end":{"line":24,"column":31}},"24":{"start":{"line":25,"column":0},"end":{"line":25,"column":14}},"26":{"start":{"line":27,"column":0},"end":{"line":27,"column":54}},"27":{"start":{"line":28,"column":0},"end":{"line":28,"column":22}},"28":{"start":{"line":29,"column":0},"end":{"line":29,"column":24}},"30":{"start":{"line":31,"column":0},"end":{"line":31,"column":9}},"31":{"start":{"line":32,"column":0},"end":{"line":32,"column":38}},"32":{"start":{"line":33,"column":0},"end":{"line":33,"column":32}},"33":{"start":{"line":34,"column":0},"end":{"line":34,"column":28}},"34":{"start":{"line":35,"column":0},"end":{"line":35,"column":21}},"35":{"start":{"line":36,"column":0},"end":{"line":36,"column":22}},"36":{"start":{"line":37,"column":0},"end":{"line":37,"column":8}},"38":{"start":{"line":39,"column":0},"end":{"line":39,"column":19}},"39":{"start":{"line":40,"column":0},"end":{"line":40,"column":24}},"40":{"start":{"line":41,"column":0},"end":{"line":41,"column":5}},"41":{"start":{"line":42,"column":0},"end":{"line":42,"column":3}},"43":{"start":{"line":44,"column":0},"end":{"line":44,"column":10}},"44":{"start":{"line":45,"column":0},"end":{"line":45,"column":9}},"45":{"start":{"line":46,"column":0},"end":{"line":46,"column":27}},"46":{"start":{"line":47,"column":0},"end":{"line":47,"column":14}},"47":{"start":{"line":48,"column":0},"end":{"line":48,"column":46}},"48":{"start":{"line":49,"column":0},"end":{"line":49,"column":26}},"49":{"start":{"line":50,"column":0},"end":{"line":50,"column":28}},"50":{"start":{"line":51,"column":0},"end":{"line":51,"column":48}},"51":{"start":{"line":52,"column":0},"end":{"line":52,"column":8}},"53":{"start":{"line":54,"column":0},"end":{"line":54,"column":91}},"55":{"start":{"line":56,"column":0},"end":{"line":56,"column":11}},"57":{"start":{"line":58,"column":0},"end":{"line":58,"column":102}},"58":{"start":{"line":59,"column":0},"end":{"line":59,"column":86}},"59":{"start":{"line":60,"column":0},"end":{"line":60,"column":15}},"60":{"start":{"line":61,"column":0},"end":{"line":61,"column":128}},"61":{"start":{"line":62,"column":0},"end":{"line":62,"column":18}},"62":{"start":{"line":63,"column":0},"end":{"line":63,"column":30}},"63":{"start":{"line":64,"column":0},"end":{"line":64,"column":27}},"64":{"start":{"line":65,"column":0},"end":{"line":65,"column":32}},"65":{"start":{"line":66,"column":0},"end":{"line":66,"column":69}},"66":{"start":{"line":67,"column":0},"end":{"line":67,"column":21}},"67":{"start":{"line":68,"column":0},"end":{"line":68,"column":31}},"68":{"start":{"line":69,"column":0},"end":{"line":69,"column":14}},"69":{"start":{"line":70,"column":0},"end":{"line":70,"column":16}},"70":{"start":{"line":71,"column":0},"end":{"line":71,"column":15}},"71":{"start":{"line":72,"column":0},"end":{"line":72,"column":124}},"72":{"start":{"line":73,"column":0},"end":{"line":73,"column":18}},"73":{"start":{"line":74,"column":0},"end":{"line":74,"column":28}},"74":{"start":{"line":75,"column":0},"end":{"line":75,"column":27}},"75":{"start":{"line":76,"column":0},"end":{"line":76,"column":30}},"76":{"start":{"line":77,"column":0},"end":{"line":77,"column":67}},"77":{"start":{"line":78,"column":0},"end":{"line":78,"column":21}},"78":{"start":{"line":79,"column":0},"end":{"line":79,"column":31}},"79":{"start":{"line":80,"column":0},"end":{"line":80,"column":14}},"80":{"start":{"line":81,"column":0},"end":{"line":81,"column":16}},"81":{"start":{"line":82,"column":0},"end":{"line":82,"column":14}},"83":{"start":{"line":84,"column":0},"end":{"line":84,"column":86}},"84":{"start":{"line":85,"column":0},"end":{"line":85,"column":15}},"85":{"start":{"line":86,"column":0},"end":{"line":86,"column":129}},"86":{"start":{"line":87,"column":0},"end":{"line":87,"column":18}},"87":{"start":{"line":88,"column":0},"end":{"line":88,"column":24}},"88":{"start":{"line":89,"column":0},"end":{"line":89,"column":27}},"89":{"start":{"line":90,"column":0},"end":{"line":90,"column":27}},"90":{"start":{"line":91,"column":0},"end":{"line":91,"column":64}},"91":{"start":{"line":92,"column":0},"end":{"line":92,"column":21}},"92":{"start":{"line":93,"column":0},"end":{"line":93,"column":14}},"93":{"start":{"line":94,"column":0},"end":{"line":94,"column":16}},"94":{"start":{"line":95,"column":0},"end":{"line":95,"column":15}},"95":{"start":{"line":96,"column":0},"end":{"line":96,"column":123}},"96":{"start":{"line":97,"column":0},"end":{"line":97,"column":18}},"97":{"start":{"line":98,"column":0},"end":{"line":98,"column":25}},"98":{"start":{"line":99,"column":0},"end":{"line":99,"column":25}},"99":{"start":{"line":100,"column":0},"end":{"line":100,"column":28}},"100":{"start":{"line":101,"column":0},"end":{"line":101,"column":57}},"101":{"start":{"line":102,"column":0},"end":{"line":102,"column":36}},"102":{"start":{"line":103,"column":0},"end":{"line":103,"column":14}},"103":{"start":{"line":104,"column":0},"end":{"line":104,"column":16}},"104":{"start":{"line":105,"column":0},"end":{"line":105,"column":14}},"106":{"start":{"line":107,"column":0},"end":{"line":107,"column":13}},"107":{"start":{"line":108,"column":0},"end":{"line":108,"column":19}},"108":{"start":{"line":109,"column":0},"end":{"line":109,"column":58}},"109":{"start":{"line":110,"column":0},"end":{"line":110,"column":32}},"110":{"start":{"line":111,"column":0},"end":{"line":111,"column":32}},"111":{"start":{"line":112,"column":0},"end":{"line":112,"column":32}},"112":{"start":{"line":113,"column":0},"end":{"line":113,"column":41}},"113":{"start":{"line":114,"column":0},"end":{"line":114,"column":12}},"115":{"start":{"line":116,"column":0},"end":{"line":116,"column":138}},"116":{"start":{"line":117,"column":0},"end":{"line":117,"column":14}},"118":{"start":{"line":119,"column":0},"end":{"line":119,"column":15}},"119":{"start":{"line":120,"column":0},"end":{"line":120,"column":23}},"120":{"start":{"line":121,"column":0},"end":{"line":121,"column":33}},"121":{"start":{"line":122,"column":0},"end":{"line":122,"column":55}},"122":{"start":{"line":123,"column":0},"end":{"line":123,"column":41}},"124":{"start":{"line":125,"column":0},"end":{"line":125,"column":80}},"125":{"start":{"line":126,"column":0},"end":{"line":126,"column":17}},"127":{"start":{"line":128,"column":0},"end":{"line":128,"column":34}},"128":{"start":{"line":129,"column":0},"end":{"line":129,"column":85}},"130":{"start":{"line":131,"column":0},"end":{"line":131,"column":14}},"132":{"start":{"line":133,"column":0},"end":{"line":133,"column":13}},"133":{"start":{"line":134,"column":0},"end":{"line":134,"column":10}},"135":{"start":{"line":136,"column":0},"end":{"line":136,"column":1}},"137":{"start":{"li
[...]
ne":22,"loc":{"start":{"line":22,"column":0},"end":{"line":129,"column":1}},"locations":[{"start":{"line":22,"column":0},"end":{"line":129,"column":1}}]},"1":{"type":"branch","line":30,"loc":{"start":{"line":30,"column":15},"end":{"line":30,"column":47}},"locations":[{"start":{"line":30,"column":15},"end":{"line":30,"column":47}}]},"2":{"type":"branch","line":30,"loc":{"start":{"line":30,"column":22},"end":{"line":30,"column":49}},"locations":[{"start":{"line":30,"column":22},"end":{"line":30,"column":49}}]},"3":{"type":"branch","line":31,"loc":{"start":{"line":31,"column":19},"end":{"line":31,"column":47}},"locations":[{"start":{"line":31,"column":19},"end":{"line":31,"column":47}}]},"4":{"type":"branch","line":31,"loc":{"start":{"line":31,"column":26},"end":{"line":31,"column":49}},"locations":[{"start":{"line":31,"column":26},"end":{"line":31,"column":49}}]},"5":{"type":"branch","line":33,"loc":{"start":{"line":33,"column":23},"end":{"line":33,"column":48}},"locations":[{"start":{"line":33,"column":23},"end":{"line":33,"column":48}}]},"6":{"type":"branch","line":33,"loc":{"start":{"line":33,"column":39},"end":{"line":33,"column":69}},"locations":[{"start":{"line":33,"column":39},"end":{"line":33,"column":69}}]},"7":{"type":"branch","line":46,"loc":{"start":{"line":46,"column":9},"end":{"line":50,"column":13}},"locations":[{"start":{"line":46,"column":9},"end":{"line":50,"column":13}}]},"8":{"type":"branch","line":58,"loc":{"start":{"line":58,"column":11},"end":{"line":61,"column":19}},"locations":[{"start":{"line":58,"column":11},"end":{"line":61,"column":19}}]},"9":{"type":"branch","line":67,"loc":{"start":{"line":67,"column":17},"end":{"line":67,"column":85}},"locations":[{"start":{"line":67,"column":17},"end":{"line":67,"column":85}}]},"10":{"type":"branch","line":67,"loc":{"start":{"line":67,"column":29},"end":{"line":67,"column":118}},"locations":[{"start":{"line":67,"column":29},"end":{"line":67,"column":118}}]},"11":{"type":"branch","line":70,"loc":{"start":{"line":70,"column":20},"end":{"line":70,"column":44}},"locations":[{"start":{"line":70,"column":20},"end":{"line":70,"column":44}}]},"12":{"type":"branch","line":70,"loc":{"start":{"line":70,"column":32},"end":{"line":70,"column":58}},"locations":[{"start":{"line":70,"column":32},"end":{"line":70,"column":58}}]},"13":{"type":"branch","line":72,"loc":{"start":{"line":72,"column":24},"end":{"line":72,"column":61}},"locations":[{"start":{"line":72,"column":24},"end":{"line":72,"column":61}}]},"14":{"type":"branch","line":72,"loc":{"start":{"line":72,"column":36},"end":{"line":72,"column":75}},"locations":[{"start":{"line":72,"column":36},"end":{"line":72,"column":75}}]},"15":{"type":"branch","line":73,"loc":{"start":{"line":73,"column":19},"end":{"line":73,"column":64}},"locations":[{"start":{"line":73,"column":19},"end":{"line":73,"column":64}}]},"16":{"type":"branch","line":73,"loc":{"start":{"line":73,"column":31},"end":{"line":73,"column":96}},"locations":[{"start":{"line":73,"column":31},"end":{"line":73,"column":96}}]},"17":{"type":"branch","line":89,"loc":{"start":{"line":89,"column":21},"end":{"line":89,"column":42}},"locations":[{"start":{"line":89,"column":21},"end":{"line":89,"column":42}}]},"18":{"type":"branch","line":89,"loc":{"start":{"line":89,"column":28},"end":{"line":89,"column":44}},"locations":[{"start":{"line":89,"column":28},"end":{"line":89,"column":44}}]},"19":{"type":"branch","line":90,"loc":{"start":{"line":90,"column":24},"end":{"line":90,"column":48}},"locations":[{"start":{"line":90,"column":24},"end":{"line":90,"column":48}}]},"20":{"type":"branch","line":90,"loc":{"start":{"line":90,"column":31},"end":{"line":90,"column":50}},"locations":[{"start":{"line":90,"column":31},"end":{"line":90,"column":50}}]},"21":{"type":"branch","line":98,"loc":{"start":{"line":98,"column":19},"end":{"line":98,"column":35}},"locations":[{"start":{"line":98,"column":19},"end":{"line":98,"column":35}}]},"22":{"type":"branch","line":99,"loc":{"start":{"line":99,"column":21},"end":{"line":99,"column":39}},"locations":[{"start":{"line":99,"column":21},"end":{"line":99,"column":39}}]},"23":{"type":"branch","line":112,"loc":{"start":{"line":112,"column":22},"end":{"line":112,"column":43}},"locations":[{"start":{"line":112,"column":22},"end":{"line":112,"column":43}}]},"24":{"type":"branch","line":112,"loc":{"start":{"line":112,"column":29},"end":{"line":112,"column":45}},"locations":[{"start":{"line":112,"column":29},"end":{"line":112,"column":45}}]},"25":{"type":"branch","line":119,"loc":{"start":{"line":119,"column":5},"end":{"line":125,"column":8}},"locations":[{"start":{"line":119,"column":5},"end":{"line":125,"column":8}}]},"26":{"type":"branch","line":26,"loc":{"start":{"line":26,"column":40},"end":{"line":26,"column":62}},"locations":[{"start":{"line":26,"column":40},"end":{"line":26,"column":62}}]}},"b":{"0":[7],"1":[2],"2":[5],"3":[2],"4":[5],"5":[2],"6":[2],"7":[2],"8":[5],"9":[2],"10":[5],"11":[2],"12":[5],"13":[2],"14":[5],"15":[2],"16":[5],"17":[2],"18":[5],"19":[2],"20":[5],"21":[2],"22":[2],"23":[2],"24":[5],"25":[0],"26":[21]},"fnMap":{"0":{"name":"StatisticsPage","decl":{"start":{"line":22,"column":0},"end":{"line":129,"column":1}},"loc":{"start":{"line":22,"column":0},"end":{"line":129,"column":1}},"line":22},"1":{"name":"onClick","decl":{"start":{"line":65,"column":19},"end":{"line":65,"column":50}},"loc":{"start":{"line":65,"column":19},"end":{"line":65,"column":50}},"line":65},"2":{"name":"onClose","decl":{"start":{"line":124,"column":17},"end":{"line":124,"column":49}},"loc":{"start":{"line":124,"column":17},"end":{"line":124,"column":49}},"line":124}},"f":{"0":7,"1":0,"2":0}}
,"/home/etud/Bureau/Annotation/frontend/src/stores/annotationStore.ts": {"path":"/home/etud/Bureau/Annotation/frontend/src/stores/annotationStore.ts","all":false,"statementMap":{"0":{"start":{"line":1,"column":0},"end":{"line":1,"column":32}},"13":{"start":{"line":14,"column":0},"end":{"line":14,"column":69}},"14":{"start":{"line":15,"column":0},"end":{"line":15,"column":18}},"15":{"start":{"line":16,"column":0},"end":{"line":16,"column":27}},"16":{"start":{"line":17,"column":0},"end":{"line":17,"column":56}},"17":{"start":{"line":18,"column":0},"end":{"line":18,"column":32}},"18":{"start":{"line":19,"column":0},"end":{"line":19,"column":74}},"19":{"start":{"line":20,"column":0},"end":{"line":20,"column":36}},"20":{"start":{"line":21,"column":0},"end":{"line":21,"column":21}},"21":{"start":{"line":22,"column":0},"end":{"line":22,"column":47}},"22":{"start":{"line":23,"column":0},"end":{"line":23,"column":46}},"23":{"start":{"line":24,"column":0},"end":{"line":24,"column":8}},"24":{"start":{"line":25,"column":0},"end":{"line":25,"column":8}},"25":{"start":{"line":26,"column":0},"end":{"line":26,"column":27}},"26":{"start":{"line":27,"column":0},"end":{"line":27,"column":21}},"27":{"start":{"line":28,"column":0},"end":{"line":28,"column":64}},"28":{"start":{"line":29,"column":0},"end":{"line":29,"column":8}},"29":{"start":{"line":30,"column":0},"end":{"line":30,"column":40}},"30":{"start":{"line":31,"column":0},"end":{"line":31,"column":44}},"31":{"start":{"line":32,"column":0},"end":{"line":32,"column":3}}},"s":{"0":1,"13":1,"14":1,"15":1,"16":1,"17":1,"18":2,"19":1,"20":3,"21":3,"22":4,"23":3,"24":3,"25":1,"26":2,"27":2,"28":2,"29":1,"30":3,"31":1},"branchMap":{"0":{"type":"branch","line":14,"loc":{"start":{"line":14,"column":58},"end":{"line":32,"column":2}},"locations":[{"start":{"line":14,"column":58},"end":{"line":32,"column":2}}]},"1":{"type":"branch","line":17,"loc":{"start":{"line":17,"column":18},"end":{"line":17,"column":56}},"locations":[{"start":{"line":17,"column":18},"end":{"line":17,"column":56}}]},"2":{"type":"branch","line":18,"loc":{"start":{"line":18,"column":17},"end":{"line":19,"column":74}},"locations":[{"start":{"line":18,"column":17},"end":{"line":19,"column":74}}]},"3":{"type":"branch","line":19,"loc":{"start":{"line":19,"column":8},"end":{"line":19,"column":72}},"locations":[{"start":{"line":19,"column":8},"end":{"line":19,"column":72}}]},"4":{"type":"branch","line":20,"loc":{"start":{"line":20,"column":20},"end":{"line":25,"column":8}},"locations":[{"start":{"line":20,"column":20},"end":{"line":25,"column":8}}]},"5":{"type":"branch","line":21,"loc":{"start":{"line":21,"column":8},"end":{"line":25,"column":6}},"locations":[{"start":{"line":21,"column":8},"end":{"line":25,"column":6}}]},"6":{"type":"branch","line":22,"loc":{"start":{"line":22,"column":41},"end":{"line":23,"column":46}},"locations":[{"start":{"line":22,"column":41},"end":{"line":23,"column":46}}]},"7":{"type":"branch","line":23,"loc":{"start":{"line":23,"column":17},"end":{"line":23,"column":45}},"locations":[{"start":{"line":23,"column":17},"end":{"line":23,"column":45}}]},"8":{"type":"branch","line":23,"loc":{"start":{"line":23,"column":41},"end":{"line":23,"column":46}},"locations":[{"start":{"line":23,"column":41},"end":{"line":23,"column":46}}]},"9":{"type":"branch","line":26,"loc":{"start":{"line":26,"column":20},"end":{"line":29,"column":8}},"locations":[{"start":{"line":26,"column":20},"end":{"line":29,"column":8}}]},"10":{"type":"branch","line":27,"loc":{"start":{"line":27,"column":8},"end":{"line":29,"column":6}},"locations":[{"start":{"line":27,"column":8},"end":{"line":29,"column":6}}]},"11":{"type":"branch","line":28,"loc":{"start":{"line":28,"column":44},"end":{"line":28,"column":62}},"locations":[{"start":{"line":28,"column":44},"end":{"line":28,"column":62}}]},"12":{"type":"branch","line":30,"loc":{"start":{"line":30,"column":25},"end":{"line":31,"column":44}},"locations":[{"start":{"line":30,"column":25},"end":{"line":31,"column":44}}]}},"b":{"0":[1],"1":[8],"2":[2],"3":[2],"4":[3],"5":[3],"6":[4],"7":[2],"8":[2],"9":[2],"10":[2],"11":[3],"12":[3]},"fnMap":{"0":{"name":"setAnnotations","decl":{"start":{"line":17,"column":18},"end":{"line":17,"column":56}},"loc":{"start":{"line":17,"column":18},"end":{"line":17,"column":56}},"line":17},"1":{"name":"addAnnotation","decl":{"start":{"line":18,"column":17},"end":{"line":19,"column":74}},"loc":{"start":{"line":18,"column":17},"end":{"line":19,"column":74}},"line":18},"2":{"name":"updateAnnotation","decl":{"start":{"line":20,"column":20},"end":{"line":25,"column":8}},"loc":{"start":{"line":20,"column":20},"end":{"line":25,"column":8}},"line":20},"3":{"name":"removeAnnotation","decl":{"start":{"line":26,"column":20},"end":{"line":29,"column":8}},"loc":{"start":{"line":26,"column":20},"end":{"line":29,"column":8}},"line":26},"4":{"name":"setSelectedAnnotation","decl":{"start":{"line":30,"column":25},"end":{"line":31,"column":44}},"loc":{"start":{"line":30,"column":25},"end":{"line":31,"column":44}},"line":30}},"f":{"0":8,"1":2,"2":3,"3":2,"4":3}}
,"/home/etud/Bureau/Annotation/frontend/src/stores/audioStore.ts": {"path":"/home/etud/Bureau/Annotation/frontend/src/stores/audioStore.ts","all":false,"statementMap":{"0":{"start":{"line":1,"column":0},"end":{"line":1,"column":32}},"13":{"start":{"line":14,"column":0},"end":{"line":14,"column":59}},"14":{"start":{"line":15,"column":0},"end":{"line":15,"column":12}},"15":{"start":{"line":16,"column":0},"end":{"line":16,"column":17}},"16":{"start":{"line":17,"column":0},"end":{"line":17,"column":17}},"17":{"start":{"line":18,"column":0},"end":{"line":18,"column":17}},"18":{"start":{"line":19,"column":0},"end":{"line":19,"column":41}},"19":{"start":{"line":20,"column":0},"end":{"line":20,"column":49}},"20":{"start":{"line":21,"column":0},"end":{"line":21,"column":55}},"21":{"start":{"line":22,"column":0},"end":{"line":22,"column":60}},"22":{"start":{"line":23,"column":0},"end":{"line":23,"column":3}}},"s":{"0":1,"13":1,"14":3,"15":3,"16":3,"17":3,"18":3,"19":3,"20":3,"21":3,"22":1},"branchMap":{"0":{"type":"branch","line":14,"loc":{"start":{"line":14,"column":48},"end":{"line":23,"column":2}},"locations":[{"start":{"line":14,"column":48},"end":{"line":23,"column":2}}]},"1":{"type":"branch","line":22,"loc":{"start":{"line":22,"column":10},"end":{"line":22,"column":60}},"locations":[{"start":{"line":22,"column":10},"end":{"line":22,"column":60}}]},"2":{"type":"branch","line":22,"loc":{"start":{"line":22,"column":20},"end":{"line":22,"column":58}},"locations":[{"start":{"line":22,"column":20},"end":{"line":22,"column":58}}]}},"b":{"0":[3],"1":[2],"2":[2]},"fnMap":{"0":{"name":"setVolume","decl":{"start":{"line":19,"column":13},"end":{"line":19,"column":41}},"loc":{"start":{"line":19,"column":13},"end":{"line":19,"column":41}},"line":19},"1":{"name":"setIsMuted","decl":{"start":{"line":20,"column":14},"end":{"line":20,"column":49}},"loc":{"start":{"line":20,"column":14},"end":{"line":20,"column":49}},"line":20},"2":{"name":"setCurrentTime","decl":{"start":{"line":21,"column":18},"end":{"line":21,"column":55}},"loc":{"start":{"line":21,"column":18},"end":{"line":21,"column":55}},"line":21},"3":{"name":"toggle","decl":{"start":{"line":22,"column":10},"end":{"line":22,"column":60}},"loc":{"start":{"line":22,"column":10},"end":{"line":22,"column":60}},"line":22}},"f":{"0":0,"1":0,"2":0,"3":2}}
,"/home/etud/Bureau/Annotation/frontend/src/stores/videoStore.ts": {"path":"/home/etud/Bureau/Annotation/frontend/src/stores/videoStore.ts","all":false,"statementMap":{"0":{"start":{"line":1,"column":0},"end":{"line":1,"column":32}},"24":{"start":{"line":25,"column":0},"end":{"line":25,"column":59}},"25":{"start":{"line":26,"column":0},"end":{"line":26,"column":21}},"26":{"start":{"line":27,"column":0},"end":{"line":27,"column":19}},"27":{"start":{"line":28,"column":0},"end":{"line":28,"column":76}},"28":{"start":{"line":29,"column":0},"end":{"line":29,"column":57}},"30":{"start":{"line":31,"column":0},"end":{"line":31,"column":16}},"31":{"start":{"line":32,"column":0},"end":{"line":32,"column":18}},"32":{"start":{"line":33,"column":0},"end":{"line":33,"column":9}},"33":{"start":{"line":34,"column":0},"end":{"line":34,"column":17}},"34":{"start":{"line":35,"column":0},"end":{"line":35,"column":14}},"35":{"start":{"line":36,"column":0},"end":{"line":36,"column":59}},"36":{"start":{"line":37,"column":0},"end":{"line":37,"column":47}},"38":{"start":{"line":39,"column":0},"end":{"line":39,"column":18}},"39":{"start":{"line":40,"column":0},"end":{"line":40,"column":57}},"40":{"start":{"line":41,"column":0},"end":{"line":41,"column":3}}},"s":{"0":1,"24":1,"25":6,"26":6,"27":6,"28":6,"30":6,"31":6,"32":6,"33":6,"34":6,"35":6,"36":6,"38":6,"39":6,"40":1},"branchMap":{"0":{"type":"branch","line":25,"loc":{"start":{"line":25,"column":48},"end":{"line":41,"column":2}},"locations":[{"start":{"line":25,"column":48},"end":{"line":41,"column":2}}]},"1":{"type":"branch","line":28,"loc":{"start":{"line":28,"column":19},"end":{"line":28,"column":76}},"locations":[{"start":{"line":28,"column":19},"end":{"line":28,"column":76}}]},"2":{"type":"branch","line":29,"loc":{"start":{"line":29,"column":16},"end":{"line":29,"column":57}},"locations":[{"start":{"line":29,"column":16},"end":{"line":29,"column":57}}]},"3":{"type":"branch","line":36,"loc":{"start":{"line":36,"column":19},"end":{"line":36,"column":59}},"locations":[{"start":{"line":36,"column":19},"end":{"line":36,"column":59}}]},"4":{"type":"branch","line":37,"loc":{"start":{"line":37,"column":20},"end":{"line":37,"column":47}},"locations":[{"start":{"line":37,"column":20},"end":{"line":37,"column":47}}]},"5":{"type":"branch","line":40,"loc":{"start":{"line":40,"column":19},"end":{"line":40,"column":57}},"locations":[{"start":{"line":40,"column":19},"end":{"line":40,"column":57}}]}},"b":{"0":[6],"1":[3],"2":[9],"3":[7],"4":[18],"5":[7]},"fnMap":{"0":{"name":"setCurrentVideo","decl":{"start":{"line":28,"column":19},"end":{"line":28,"column":76}},"loc":{"start":{"line":28,"column":19},"end":{"line":28,"column":76}},"line":28},"1":{"name":"setIsPlaying","decl":{"start":{"line":29,"column":16},"end":{"line":29,"column":57}},"loc":{"start":{"line":29,"column":16},"end":{"line":29,"column":57}},"line":29},"2":{"name":"setCurrentFrame","decl":{"start":{"line":36,"column":19},"end":{"line":36,"column":59}},"loc":{"start":{"line":36,"column":19},"end":{"line":36,"column":59}},"line":36},"3":{"name":"setVideoMetadata","decl":{"start":{"line":37,"column":20},"end":{"line":37,"column":47}},"loc":{"start":{"line":37,"column":20},"end":{"line":37,"column":47}},"line":37},"4":{"name":"setPlaybackRate","decl":{"start":{"line":40,"column":19},"end":{"line":40,"column":57}},"loc":{"start":{"line":40,"column":19},"end":{"line":40,"column":57}},"line":40}},"f":{"0":3,"1":9,"2":7,"3":18,"4":7}}
,"/home/etud/Bureau/Annotation/frontend/src/utils/bpmUtils.ts": {"path":"/home/etud/Bureau/Annotation/frontend/src/utils/bpmUtils.ts","all":false,"statementMap":{"4":{"start":{"line":5,"column":0},"end":{"line":5,"column":19}},"6":{"start":{"line":7,"column":0},"end":{"line":7,"column":39}},"7":{"start":{"line":8,"column":0},"end":{"line":8,"column":23}},"8":{"start":{"line":9,"column":0},"end":{"line":9,"column":27}},"9":{"start":{"line":10,"column":0},"end":{"line":10,"column":14}},"10":{"start":{"line":11,"column":0},"end":{"line":11,"column":81}},"11":{"start":{"line":12,"column":0},"end":{"line":12,"column":64}},"12":{"start":{"line":13,"column":0},"end":{"line":13,"column":38}},"13":{"start":{"line":14,"column":0},"end":{"line":14,"column":36}},"14":{"start":{"line":15,"column":0},"end":{"line":15,"column":40}},"15":{"start":{"line":16,"column":0},"end":{"line":16,"column":50}},"16":{"start":{"line":17,"column":0},"end":{"line":17,"column":1}}},"s":{"4":1,"6":1,"7":6,"8":6,"9":6,"10":6,"11":6,"12":6,"13":2,"14":2,"15":2,"16":2},"branchMap":{"0":{"type":"branch","line":7,"loc":{"start":{"line":7,"column":38},"end":{"line":17,"column":1}},"locations":[{"start":{"line":7,"column":38},"end":{"line":17,"column":1}}]},"1":{"type":"branch","line":13,"loc":{"start":{"line":13,"column":23},"end":{"line":13,"column":38}},"locations":[{"start":{"line":13,"column":23},"end":{"line":13,"column":38}}]},"2":{"type":"branch","line":13,"loc":{"start":{"line":13,"column":30},"end":{"line":17,"column":1}},"locations":[{"start":{"line":13,"column":30},"end":{"line":17,"column":1}}]},"3":{"type":"branch","line":11,"loc":{"start":{"line":11,"column":39},"end":{"line":11,"column":80}},"locations":[{"start":{"line":11,"column":39},"end":{"line":11,"column":80}}]},"4":{"type":"branch","line":12,"loc":{"start":{"line":12,"column":29},"end":{"line":12,"column":63}},"locations":[{"start":{"line":12,"column":29},"end":{"line":12,"column":63}}]}},"b":{"0":[6],"1":[4],"2":[2],"3":[5],"4":[8]},"fnMap":{"0":{"name":"getInterAnnotationStep","decl":{"start":{"line":7,"column":38},"end":{"line":17,"column":1}},"loc":{"start":{"line":7,"column":38},"end":{"line":17,"column":1}},"line":7}},"f":{"0":6}}
,"/home/etud/Bureau/Annotation/frontend/src/utils/frameUtils.ts": {"path":"/home/etud/Bureau/Annotation/frontend/src/utils/frameUtils.ts","all":false,"statementMap":{"0":{"start":{"line":1,"column":0},"end":{"line":1,"column":73}},"1":{"start":{"line":2,"column":0},"end":{"line":2,"column":50}},"2":{"start":{"line":3,"column":0},"end":{"line":3,"column":27}},"3":{"start":{"line":4,"column":0},"end":{"line":4,"column":49}},"4":{"start":{"line":5,"column":0},"end":{"line":5,"column":35}},"5":{"start":{"line":6,"column":0},"end":{"line":6,"column":52}},"6":{"start":{"line":7,"column":0},"end":{"line":7,"column":47}},"7":{"start":{"line":8,"column":0},"end":{"line":8,"column":147}},"8":{"start":{"line":9,"column":0},"end":{"line":9,"column":1}}},"s":{"0":1,"1":113,"2":113,"3":113,"4":113,"5":113,"6":113,"7":113,"8":113},"branchMap":{"0":{"type":"branch","line":1,"loc":{"start":{"line":1,"column":32},"end":{"line":9,"column":1}},"locations":[{"start":{"line":1,"column":32},"end":{"line":9,"column":1}}]}},"b":{"0":[113]},"fnMap":{"0":{"name":"frameToTimestamp","decl":{"start":{"line":1,"column":32},"end":{"line":9,"column":1}},"loc":{"start":{"line":1,"column":32},"end":{"line":9,"column":1}},"line":1}},"f":{"0":113}}
}
